{"C:\\Users\\ijain\\AIOS\\packages\\core\\src\\document-pipeline.ts": {"path":"C:\\Users\\ijain\\AIOS\\packages\\core\\src\\document-pipeline.ts","all":false,"statementMap":{"0":{"start":{"line":1,"column":0},"end":{"line":1,"column":38}},"1":{"start":{"line":2,"column":0},"end":{"line":2,"column":9}},"2":{"start":{"line":3,"column":0},"end":{"line":3,"column":20}},"3":{"start":{"line":4,"column":0},"end":{"line":4,"column":17}},"4":{"start":{"line":5,"column":0},"end":{"line":5,"column":12}},"5":{"start":{"line":6,"column":0},"end":{"line":6,"column":22}},"6":{"start":{"line":7,"column":0},"end":{"line":7,"column":18}},"7":{"start":{"line":8,"column":0},"end":{"line":8,"column":20}},"8":{"start":{"line":9,"column":0},"end":{"line":9,"column":20}},"9":{"start":{"line":10,"column":0},"end":{"line":10,"column":16}},"10":{"start":{"line":11,"column":0},"end":{"line":11,"column":17}},"11":{"start":{"line":12,"column":0},"end":{"line":12,"column":24}},"12":{"start":{"line":13,"column":0},"end":{"line":13,"column":26}},"13":{"start":{"line":14,"column":0},"end":{"line":14,"column":21}},"14":{"start":{"line":15,"column":0},"end":{"line":15,"column":19}},"15":{"start":{"line":16,"column":0},"end":{"line":16,"column":21}},"16":{"start":{"line":17,"column":0},"end":{"line":17,"column":36}},"17":{"start":{"line":18,"column":0},"end":{"line":18,"column":33}},"18":{"start":{"line":19,"column":0},"end":{"line":19,"column":41}},"19":{"start":{"line":20,"column":0},"end":{"line":20,"column":0}},"20":{"start":{"line":21,"column":0},"end":{"line":21,"column":100}},"21":{"start":{"line":22,"column":0},"end":{"line":22,"column":46}},"22":{"start":{"line":23,"column":0},"end":{"line":23,"column":29}},"23":{"start":{"line":24,"column":0},"end":{"line":24,"column":49}},"24":{"start":{"line":25,"column":0},"end":{"line":25,"column":48}},"25":{"start":{"line":26,"column":0},"end":{"line":26,"column":38}},"26":{"start":{"line":27,"column":0},"end":{"line":27,"column":0}},"27":{"start":{"line":28,"column":0},"end":{"line":28,"column":44}},"28":{"start":{"line":29,"column":0},"end":{"line":29,"column":12}},"29":{"start":{"line":30,"column":0},"end":{"line":30,"column":37}},"30":{"start":{"line":31,"column":0},"end":{"line":31,"column":3}},"31":{"start":{"line":32,"column":0},"end":{"line":32,"column":0}},"32":{"start":{"line":33,"column":0},"end":{"line":33,"column":54}},"33":{"start":{"line":34,"column":0},"end":{"line":34,"column":42}},"34":{"start":{"line":35,"column":0},"end":{"line":35,"column":3}},"35":{"start":{"line":36,"column":0},"end":{"line":36,"column":0}},"36":{"start":{"line":37,"column":0},"end":{"line":37,"column":39}},"37":{"start":{"line":38,"column":0},"end":{"line":38,"column":27}},"38":{"start":{"line":39,"column":0},"end":{"line":39,"column":3}},"39":{"start":{"line":40,"column":0},"end":{"line":40,"column":0}},"40":{"start":{"line":41,"column":0},"end":{"line":41,"column":60}},"41":{"start":{"line":42,"column":0},"end":{"line":42,"column":38}},"42":{"start":{"line":43,"column":0},"end":{"line":43,"column":3}},"43":{"start":{"line":44,"column":0},"end":{"line":44,"column":0}},"44":{"start":{"line":45,"column":0},"end":{"line":45,"column":57}},"45":{"start":{"line":46,"column":0},"end":{"line":46,"column":44}},"46":{"start":{"line":47,"column":0},"end":{"line":47,"column":3}},"47":{"start":{"line":48,"column":0},"end":{"line":48,"column":0}},"48":{"start":{"line":49,"column":0},"end":{"line":49,"column":119}},"49":{"start":{"line":50,"column":0},"end":{"line":50,"column":27}},"50":{"start":{"line":51,"column":0},"end":{"line":51,"column":35}},"51":{"start":{"line":52,"column":0},"end":{"line":52,"column":40}},"52":{"start":{"line":53,"column":0},"end":{"line":53,"column":0}},"53":{"start":{"line":54,"column":0},"end":{"line":54,"column":39}},"54":{"start":{"line":55,"column":0},"end":{"line":55,"column":16}},"55":{"start":{"line":56,"column":0},"end":{"line":56,"column":20}},"56":{"start":{"line":57,"column":0},"end":{"line":57,"column":13}},"57":{"start":{"line":58,"column":0},"end":{"line":58,"column":26}},"58":{"start":{"line":59,"column":0},"end":{"line":59,"column":15}},"59":{"start":{"line":60,"column":0},"end":{"line":60,"column":20}},"60":{"start":{"line":61,"column":0},"end":{"line":61,"column":19}},"61":{"start":{"line":62,"column":0},"end":{"line":62,"column":30}},"62":{"start":{"line":63,"column":0},"end":{"line":63,"column":30}},"63":{"start":{"line":64,"column":0},"end":{"line":64,"column":76}},"64":{"start":{"line":65,"column":0},"end":{"line":65,"column":31}},"65":{"start":{"line":66,"column":0},"end":{"line":66,"column":8}},"66":{"start":{"line":67,"column":0},"end":{"line":67,"column":16}},"67":{"start":{"line":68,"column":0},"end":{"line":68,"column":22}},"68":{"start":{"line":69,"column":0},"end":{"line":69,"column":22}},"69":{"start":{"line":70,"column":0},"end":{"line":70,"column":61}},"70":{"start":{"line":71,"column":0},"end":{"line":71,"column":8}},"71":{"start":{"line":72,"column":0},"end":{"line":72,"column":57}},"72":{"start":{"line":73,"column":0},"end":{"line":73,"column":6}},"73":{"start":{"line":74,"column":0},"end":{"line":74,"column":0}},"74":{"start":{"line":75,"column":0},"end":{"line":75,"column":9}},"75":{"start":{"line":76,"column":0},"end":{"line":76,"column":35}},"76":{"start":{"line":77,"column":0},"end":{"line":77,"column":65}},"77":{"start":{"line":78,"column":0},"end":{"line":78,"column":21}},"78":{"start":{"line":79,"column":0},"end":{"line":79,"column":33}},"79":{"start":{"line":80,"column":0},"end":{"line":80,"column":30}},"80":{"start":{"line":81,"column":0},"end":{"line":81,"column":22}},"81":{"start":{"line":82,"column":0},"end":{"line":82,"column":81}},"82":{"start":{"line":83,"column":0},"end":{"line":83,"column":57}},"83":{"start":{"line":84,"column":0},"end":{"line":84,"column":9}},"84":{"start":{"line":85,"column":0},"end":{"line":85,"column":0}},"85":{"start":{"line":86,"column":0},"end":{"line":86,"column":25}},"86":{"start":{"line":87,"column":0},"end":{"line":87,"column":34}},"87":{"start":{"line":88,"column":0},"end":{"line":88,"column":19}},"88":{"start":{"line":89,"column":0},"end":{"line":89,"column":24}},"89":{"start":{"line":90,"column":0},"end":{"line":90,"column":73}},"90":{"start":{"line":91,"column":0},"end":{"line":91,"column":85}},"91":{"start":{"line":92,"column":0},"end":{"line":92,"column":5}},"92":{"start":{"line":93,"column":0},"end":{"line":93,"column":3}},"93":{"start":{"line":94,"column":0},"end":{"line":94,"column":0}},"94":{"start":{"line":95,"column":0},"end":{"line":95,"column":59}},"95":{"start":{"line":96,"column":0},"end":{"line":96,"column":40}},"96":{"start":{"line":97,"column":0},"end":{"line":97,"column":29}},"97":{"start":{"line":98,"column":0},"end":{"line":98,"column":0}},"98":{"start":{"line":99,"column":0},"end":{"line":99,"column":60}},"99":{"start":{"line":100,"column":0},"end":{"line":100,"column":52}},"100":{"start":{"line":101,"column":0},"end":{"line":101,"column":31}},"101":{"start":{"line":102,"column":0},"end":{"line":102,"column":42}},"102":{"start":{"line":103,"column":0},"end":{"line":103,"column":5}},"103":{"start":{"line":104,"column":0},"end":{"line":104,"column":4}},"104":{"start":{"line":105,"column":0},"end":{"line":105,"column":80}},"105":{"start":{"line":106,"column":0},"end":{"line":106,"column":0}},"106":{"start":{"line":107,"column":0},"end":{"line":107,"column":67}},"107":{"start":{"line":108,"column":0},"end":{"line":108,"column":19}},"108":{"start":{"line":109,"column":0},"end":{"line":109,"column":33}},"109":{"start":{"line":110,"column":0},"end":{"line":110,"column":28}},"110":{"start":{"line":111,"column":0},"end":{"line":111,"column":43}},"111":{"start":{"line":112,"column":0},"end":{"line":112,"column":16}},"112":{"start":{"line":113,"column":0},"end":{"line":113,"column":31}},"113":{"start":{"line":114,"column":0},"end":{"line":114,"column":53}},"114":{"start":{"line":115,"column":0},"end":{"line":115,"column":48}},"115":{"start":{"line":116,"column":0},"end":{"line":116,"column":43}},"116":{"start":{"line":117,"column":0},"end":{"line":117,"column":8}},"117":{"start":{"line":118,"column":0},"end":{"line":118,"column":55}},"118":{"start":{"line":119,"column":0},"end":{"line":119,"column":7}},"119":{"start":{"line":120,"column":0},"end":{"line":120,"column":0}},"120":{"start":{"line":121,"column":0},"end":{"line":121,"column":18}},"121":{"start":{"line":122,"column":0},"end":{"line":122,"column":29}},"122":{"start":{"line":123,"column":0},"end":{"line":123,"column":23}},"123":{"start":{"line":124,"column":0},"end":{"line":124,"column":40}},"124":{"start":{"line":125,"column":0},"end":{"line":125,"column":12}},"125":{"start":{"line":126,"column":0},"end":{"line":126,"column":25}},"126":{"start":{"line":127,"column":0},"end":{"line":127,"column":119}},"127":{"start":{"line":128,"column":0},"end":{"line":128,"column":5}},"128":{"start":{"line":129,"column":0},"end":{"line":129,"column":0}},"129":{"start":{"line":130,"column":0},"end":{"line":130,"column":57}},"130":{"start":{"line":131,"column":0},"end":{"line":131,"column":19}},"131":{"start":{"line":132,"column":0},"end":{"line":132,"column":28}},"132":{"start":{"line":133,"column":0},"end":{"line":133,"column":28}},"133":{"start":{"line":134,"column":0},"end":{"line":134,"column":43}},"134":{"start":{"line":135,"column":0},"end":{"line":135,"column":16}},"135":{"start":{"line":136,"column":0},"end":{"line":136,"column":31}},"136":{"start":{"line":137,"column":0},"end":{"line":137,"column":31}},"137":{"start":{"line":138,"column":0},"end":{"line":138,"column":8}},"138":{"start":{"line":139,"column":0},"end":{"line":139,"column":55}},"139":{"start":{"line":140,"column":0},"end":{"line":140,"column":7}},"140":{"start":{"line":141,"column":0},"end":{"line":141,"column":0}},"141":{"start":{"line":142,"column":0},"end":{"line":142,"column":19}},"142":{"start":{"line":143,"column":0},"end":{"line":143,"column":29}},"143":{"start":{"line":144,"column":0},"end":{"line":144,"column":33}},"144":{"start":{"line":145,"column":0},"end":{"line":145,"column":50}},"145":{"start":{"line":146,"column":0},"end":{"line":146,"column":5}},"146":{"start":{"line":147,"column":0},"end":{"line":147,"column":0}},"147":{"start":{"line":148,"column":0},"end":{"line":148,"column":57}},"148":{"start":{"line":149,"column":0},"end":{"line":149,"column":29}},"149":{"start":{"line":150,"column":0},"end":{"line":150,"column":54}},"150":{"start":{"line":151,"column":0},"end":{"line":151,"column":31}},"151":{"start":{"line":152,"column":0},"end":{"line":152,"column":43}},"152":{"start":{"line":153,"column":0},"end":{"line":153,"column":5}},"153":{"start":{"line":154,"column":0},"end":{"line":154,"column":3}},"154":{"start":{"line":155,"column":0},"end":{"line":155,"column":0}},"155":{"start":{"line":156,"column":0},"end":{"line":156,"column":49}},"156":{"start":{"line":157,"column":0},"end":{"line":157,"column":38}},"157":{"start":{"line":158,"column":0},"end":{"line":158,"column":103}},"158":{"start":{"line":159,"column":0},"end":{"line":159,"column":5}},"159":{"start":{"line":160,"column":0},"end":{"line":160,"column":3}},"160":{"start":{"line":161,"column":0},"end":{"line":161,"column":0}},"161":{"start":{"line":162,"column":0},"end":{"line":162,"column":57}},"162":{"start":{"line":163,"column":0},"end":{"line":163,"column":36}},"163":{"start":{"line":164,"column":0},"end":{"line":164,"column":3}},"164":{"start":{"line":165,"column":0},"end":{"line":165,"column":0}},"165":{"start":{"line":166,"column":0},"end":{"line":166,"column":73}},"166":{"start":{"line":167,"column":0},"end":{"line":167,"column":12}},"167":{"start":{"line":168,"column":0},"end":{"line":168,"column":48}},"168":{"start":{"line":169,"column":0},"end":{"line":169,"column":64}},"169":{"start":{"line":170,"column":0},"end":{"line":170,"column":50}},"170":{"start":{"line":171,"column":0},"end":{"line":171,"column":49}},"171":{"start":{"line":172,"column":0},"end":{"line":172,"column":6}},"172":{"start":{"line":173,"column":0},"end":{"line":173,"column":3}},"173":{"start":{"line":174,"column":0},"end":{"line":174,"column":1}}},"s":{"0":1,"1":1,"2":1,"3":1,"4":1,"5":1,"6":1,"7":1,"8":1,"9":1,"10":1,"11":1,"12":1,"13":1,"14":1,"15":1,"16":1,"17":1,"18":1,"19":1,"20":1,"21":5,"22":5,"23":5,"24":5,"25":5,"26":5,"27":5,"28":5,"29":5,"30":5,"31":5,"32":5,"33":2,"34":2,"35":5,"36":5,"37":1,"38":1,"39":5,"40":5,"41":1,"42":1,"43":5,"44":5,"45":1,"46":1,"47":5,"48":5,"49":5,"50":5,"51":5,"52":5,"53":5,"54":5,"55":5,"56":5,"57":5,"58":5,"59":5,"60":5,"61":5,"62":5,"63":5,"64":5,"65":5,"66":5,"67":5,"68":5,"69":5,"70":5,"71":5,"72":5,"73":5,"74":5,"75":5,"76":5,"77":5,"78":5,"79":5,"80":5,"81":5,"82":5,"83":5,"84":5,"85":5,"86":5,"87":4,"88":5,"89":1,"90":1,"91":1,"92":5,"93":5,"94":5,"95":5,"96":5,"97":5,"98":5,"99":5,"100":2,"101":2,"102":2,"103":5,"104":5,"105":5,"106":5,"107":5,"108":5,"109":5,"110":5,"111":5,"112":5,"113":5,"114":5,"115":5,"116":5,"117":5,"118":5,"119":5,"120":5,"121":5,"122":5,"123":1,"124":5,"125":3,"126":3,"127":3,"128":4,"129":4,"130":4,"131":4,"132":4,"133":4,"134":4,"135":4,"136":4,"137":4,"138":4,"139":4,"140":4,"141":4,"142":4,"143":5,"144":1,"145":1,"146":4,"147":4,"148":4,"149":5,"150":1,"151":1,"152":1,"153":5,"154":5,"155":5,"156":21,"157":1,"158":1,"159":21,"160":5,"161":5,"162":14,"163":14,"164":5,"165":5,"166":14,"167":14,"168":14,"169":14,"170":14,"171":14,"172":14,"173":5},"branchMap":{"0":{"type":"branch","line":21,"loc":{"start":{"line":21,"column":99},"end":{"line":174,"column":1}},"locations":[{"start":{"line":21,"column":99},"end":{"line":174,"column":1}}]},"1":{"type":"branch","line":28,"loc":{"start":{"line":28,"column":2},"end":{"line":31,"column":3}},"locations":[{"start":{"line":28,"column":2},"end":{"line":31,"column":3}}]},"2":{"type":"branch","line":33,"loc":{"start":{"line":33,"column":2},"end":{"line":35,"column":3}},"locations":[{"start":{"line":33,"column":2},"end":{"line":35,"column":3}}]},"3":{"type":"branch","line":37,"loc":{"start":{"line":37,"column":2},"end":{"line":39,"column":3}},"locations":[{"start":{"line":37,"column":2},"end":{"line":39,"column":3}}]},"4":{"type":"branch","line":41,"loc":{"start":{"line":41,"column":2},"end":{"line":43,"column":3}},"locations":[{"start":{"line":41,"column":2},"end":{"line":43,"column":3}}]},"5":{"type":"branch","line":45,"loc":{"start":{"line":45,"column":2},"end":{"line":47,"column":3}},"locations":[{"start":{"line":45,"column":2},"end":{"line":47,"column":3}}]},"6":{"type":"branch","line":49,"loc":{"start":{"line":49,"column":2},"end":{"line":93,"column":3}},"locations":[{"start":{"line":49,"column":2},"end":{"line":93,"column":3}}]},"7":{"type":"branch","line":72,"loc":{"start":{"line":72,"column":19},"end":{"line":72,"column":57}},"locations":[{"start":{"line":72,"column":19},"end":{"line":72,"column":57}}]},"8":{"type":"branch","line":87,"loc":{"start":{"line":87,"column":32},"end":{"line":89,"column":13}},"locations":[{"start":{"line":87,"column":32},"end":{"line":89,"column":13}}]},"9":{"type":"branch","line":89,"loc":{"start":{"line":89,"column":4},"end":{"line":92,"column":5}},"locations":[{"start":{"line":89,"column":4},"end":{"line":92,"column":5}}]},"10":{"type":"branch","line":95,"loc":{"start":{"line":95,"column":2},"end":{"line":154,"column":3}},"locations":[{"start":{"line":95,"column":2},"end":{"line":154,"column":3}}]},"11":{"type":"branch","line":100,"loc":{"start":{"line":100,"column":51},"end":{"line":103,"column":5}},"locations":[{"start":{"line":100,"column":51},"end":{"line":103,"column":5}}]},"12":{"type":"branch","line":105,"loc":{"start":{"line":105,"column":40},"end":{"line":105,"column":80}},"locations":[{"start":{"line":105,"column":40},"end":{"line":105,"column":80}}]},"13":{"type":"branch","line":123,"loc":{"start":{"line":123,"column":22},"end":{"line":125,"column":11}},"locations":[{"start":{"line":123,"column":22},"end":{"line":125,"column":11}}]},"14":{"type":"branch","line":125,"loc":{"start":{"line":125,"column":4},"end":{"line":128,"column":5}},"locations":[{"start":{"line":125,"column":4},"end":{"line":128,"column":5}}]},"15":{"type":"branch","line":128,"loc":{"start":{"line":128,"column":4},"end":{"line":144,"column":32}},"locations":[{"start":{"line":128,"column":4},"end":{"line":144,"column":32}}]},"16":{"type":"branch","line":144,"loc":{"start":{"line":144,"column":32},"end":{"line":146,"column":5}},"locations":[{"start":{"line":144,"column":32},"end":{"line":146,"column":5}}]},"17":{"type":"branch","line":146,"loc":{"start":{"line":146,"column":4},"end":{"line":150,"column":53}},"locations":[{"start":{"line":146,"column":4},"end":{"line":150,"column":53}}]},"18":{"type":"branch","line":150,"loc":{"start":{"line":150,"column":53},"end":{"line":153,"column":5}},"locations":[{"start":{"line":150,"column":53},"end":{"line":153,"column":5}}]},"19":{"type":"branch","line":153,"loc":{"start":{"line":153,"column":4},"end":{"line":153,"column":5}},"locations":[{"start":{"line":153,"column":4},"end":{"line":153,"column":5}}]},"20":{"type":"branch","line":156,"loc":{"start":{"line":156,"column":10},"end":{"line":160,"column":3}},"locations":[{"start":{"line":156,"column":10},"end":{"line":160,"column":3}}]},"21":{"type":"branch","line":157,"loc":{"start":{"line":157,"column":37},"end":{"line":159,"column":5}},"locations":[{"start":{"line":157,"column":37},"end":{"line":159,"column":5}}]},"22":{"type":"branch","line":162,"loc":{"start":{"line":162,"column":10},"end":{"line":164,"column":3}},"locations":[{"start":{"line":162,"column":10},"end":{"line":164,"column":3}}]},"23":{"type":"branch","line":166,"loc":{"start":{"line":166,"column":10},"end":{"line":173,"column":3}},"locations":[{"start":{"line":166,"column":10},"end":{"line":173,"column":3}}]},"24":{"type":"branch","line":169,"loc":{"start":{"line":169,"column":41},"end":{"line":169,"column":64}},"locations":[{"start":{"line":169,"column":41},"end":{"line":169,"column":64}}]}},"b":{"0":[5],"1":[5],"2":[2],"3":[1],"4":[1],"5":[1],"6":[5],"7":[4],"8":[4],"9":[1],"10":[5],"11":[2],"12":[4],"13":[1],"14":[3],"15":[4],"16":[1],"17":[4],"18":[1],"19":[4],"20":[21],"21":[1],"22":[14],"23":[14],"24":[3]},"fnMap":{"0":{"name":"<instance_members_initializer>","decl":{"start":{"line":21,"column":99},"end":{"line":174,"column":1}},"loc":{"start":{"line":21,"column":99},"end":{"line":174,"column":1}},"line":21},"1":{"name":"DocumentPipeline","decl":{"start":{"line":28,"column":2},"end":{"line":31,"column":3}},"loc":{"start":{"line":28,"column":2},"end":{"line":31,"column":3}},"line":28},"2":{"name":"addPreprocessor","decl":{"start":{"line":33,"column":2},"end":{"line":35,"column":3}},"loc":{"start":{"line":33,"column":2},"end":{"line":35,"column":3}},"line":33},"3":{"name":"setChunker","decl":{"start":{"line":37,"column":2},"end":{"line":39,"column":3}},"loc":{"start":{"line":37,"column":2},"end":{"line":39,"column":3}},"line":37},"4":{"name":"setEmbeddingProvider","decl":{"start":{"line":41,"column":2},"end":{"line":43,"column":3}},"loc":{"start":{"line":41,"column":2},"end":{"line":43,"column":3}},"line":41},"5":{"name":"addPostprocessor","decl":{"start":{"line":45,"column":2},"end":{"line":47,"column":3}},"loc":{"start":{"line":45,"column":2},"end":{"line":47,"column":3}},"line":45},"6":{"name":"ingest","decl":{"start":{"line":49,"column":2},"end":{"line":93,"column":3}},"loc":{"start":{"line":49,"column":2},"end":{"line":93,"column":3}},"line":49},"7":{"name":"process","decl":{"start":{"line":95,"column":2},"end":{"line":154,"column":3}},"loc":{"start":{"line":95,"column":2},"end":{"line":154,"column":3}},"line":95},"8":{"name":"checkAbort","decl":{"start":{"line":156,"column":10},"end":{"line":160,"column":3}},"loc":{"start":{"line":156,"column":10},"end":{"line":160,"column":3}},"line":156},"9":{"name":"emitEvent","decl":{"start":{"line":162,"column":10},"end":{"line":164,"column":3}},"loc":{"start":{"line":162,"column":10},"end":{"line":164,"column":3}},"line":162},"10":{"name":"finalizeMetrics","decl":{"start":{"line":166,"column":10},"end":{"line":173,"column":3}},"loc":{"start":{"line":166,"column":10},"end":{"line":173,"column":3}},"line":166}},"f":{"0":5,"1":5,"2":2,"3":1,"4":1,"5":1,"6":5,"7":5,"8":21,"9":14,"10":14}}
,"C:\\Users\\ijain\\AIOS\\packages\\core\\src\\index.ts": {"path":"C:\\Users\\ijain\\AIOS\\packages\\core\\src\\index.ts","all":false,"statementMap":{"0":{"start":{"line":1,"column":0},"end":{"line":1,"column":38}},"1":{"start":{"line":2,"column":0},"end":{"line":2,"column":36}},"2":{"start":{"line":3,"column":0},"end":{"line":3,"column":38}},"3":{"start":{"line":4,"column":0},"end":{"line":4,"column":40}},"4":{"start":{"line":5,"column":0},"end":{"line":5,"column":42}},"5":{"start":{"line":6,"column":0},"end":{"line":6,"column":43}},"6":{"start":{"line":7,"column":0},"end":{"line":7,"column":39}},"7":{"start":{"line":8,"column":0},"end":{"line":8,"column":39}},"8":{"start":{"line":9,"column":0},"end":{"line":9,"column":39}},"9":{"start":{"line":10,"column":0},"end":{"line":10,"column":39}},"10":{"start":{"line":11,"column":0},"end":{"line":11,"column":36}},"11":{"start":{"line":12,"column":0},"end":{"line":12,"column":43}},"12":{"start":{"line":13,"column":0},"end":{"line":13,"column":36}},"13":{"start":{"line":14,"column":0},"end":{"line":14,"column":36}},"14":{"start":{"line":15,"column":0},"end":{"line":15,"column":40}},"15":{"start":{"line":16,"column":0},"end":{"line":16,"column":28}},"16":{"start":{"line":17,"column":0},"end":{"line":17,"column":26}}},"s":{"0":1,"1":1,"2":1,"3":1,"4":1,"5":1,"6":1,"7":1,"8":1,"9":1,"10":1,"11":1,"12":1,"13":1,"14":1,"15":1,"16":1},"branchMap":{},"b":{},"fnMap":{},"f":{}}
,"C:\\Users\\ijain\\AIOS\\packages\\core\\src\\logger.ts": {"path":"C:\\Users\\ijain\\AIOS\\packages\\core\\src\\logger.ts","all":false,"statementMap":{"0":{"start":{"line":1,"column":0},"end":{"line":1,"column":45}},"1":{"start":{"line":2,"column":0},"end":{"line":2,"column":43}},"2":{"start":{"line":3,"column":0},"end":{"line":3,"column":0}},"3":{"start":{"line":4,"column":0},"end":{"line":4,"column":25}},"4":{"start":{"line":5,"column":0},"end":{"line":5,"column":38}},"5":{"start":{"line":6,"column":0},"end":{"line":6,"column":50}},"6":{"start":{"line":7,"column":0},"end":{"line":7,"column":0}},"7":{"start":{"line":8,"column":0},"end":{"line":8,"column":25}},"8":{"start":{"line":9,"column":0},"end":{"line":9,"column":66}},"9":{"start":{"line":10,"column":0},"end":{"line":10,"column":60}},"10":{"start":{"line":11,"column":0},"end":{"line":11,"column":65}},"11":{"start":{"line":12,"column":0},"end":{"line":12,"column":3}},"12":{"start":{"line":13,"column":0},"end":{"line":13,"column":0}},"13":{"start":{"line":14,"column":0},"end":{"line":14,"column":43}},"14":{"start":{"line":15,"column":0},"end":{"line":15,"column":31}},"15":{"start":{"line":16,"column":0},"end":{"line":16,"column":45}},"16":{"start":{"line":17,"column":0},"end":{"line":17,"column":5}},"17":{"start":{"line":18,"column":0},"end":{"line":18,"column":31}},"18":{"start":{"line":19,"column":0},"end":{"line":19,"column":3}},"19":{"start":{"line":20,"column":0},"end":{"line":20,"column":0}},"20":{"start":{"line":21,"column":0},"end":{"line":21,"column":50}},"21":{"start":{"line":22,"column":0},"end":{"line":22,"column":36}},"22":{"start":{"line":23,"column":0},"end":{"line":23,"column":3}},"23":{"start":{"line":24,"column":0},"end":{"line":24,"column":0}},"24":{"start":{"line":25,"column":0},"end":{"line":25,"column":50}},"25":{"start":{"line":26,"column":0},"end":{"line":26,"column":36}},"26":{"start":{"line":27,"column":0},"end":{"line":27,"column":3}},"27":{"start":{"line":28,"column":0},"end":{"line":28,"column":0}},"28":{"start":{"line":29,"column":0},"end":{"line":29,"column":51}},"29":{"start":{"line":30,"column":0},"end":{"line":30,"column":37}},"30":{"start":{"line":31,"column":0},"end":{"line":31,"column":3}},"31":{"start":{"line":32,"column":0},"end":{"line":32,"column":0}},"32":{"start":{"line":33,"column":0},"end":{"line":33,"column":51}},"33":{"start":{"line":34,"column":0},"end":{"line":34,"column":37}},"34":{"start":{"line":35,"column":0},"end":{"line":35,"column":3}},"35":{"start":{"line":36,"column":0},"end":{"line":36,"column":1}}},"s":{"0":1,"1":1,"2":1,"3":1,"4":7,"5":7,"6":7,"7":7,"8":5,"9":5,"10":5,"11":5,"12":7,"13":7,"14":6,"15":5,"16":5,"17":6,"18":6,"19":7,"20":7,"21":1,"22":1,"23":7,"24":7,"25":1,"26":1,"27":7,"28":7,"29":1,"30":1,"31":7,"32":7,"33":1,"34":1,"35":7},"branchMap":{"0":{"type":"branch","line":4,"loc":{"start":{"line":4,"column":24},"end":{"line":36,"column":1}},"locations":[{"start":{"line":4,"column":24},"end":{"line":36,"column":1}}]},"1":{"type":"branch","line":8,"loc":{"start":{"line":8,"column":10},"end":{"line":12,"column":3}},"locations":[{"start":{"line":8,"column":10},"end":{"line":12,"column":3}}]},"2":{"type":"branch","line":14,"loc":{"start":{"line":14,"column":16},"end":{"line":19,"column":3}},"locations":[{"start":{"line":14,"column":16},"end":{"line":19,"column":3}}]},"3":{"type":"branch","line":15,"loc":{"start":{"line":15,"column":30},"end":{"line":17,"column":5}},"locations":[{"start":{"line":15,"column":30},"end":{"line":17,"column":5}}]},"4":{"type":"branch","line":21,"loc":{"start":{"line":21,"column":9},"end":{"line":23,"column":3}},"locations":[{"start":{"line":21,"column":9},"end":{"line":23,"column":3}}]},"5":{"type":"branch","line":25,"loc":{"start":{"line":25,"column":9},"end":{"line":27,"column":3}},"locations":[{"start":{"line":25,"column":9},"end":{"line":27,"column":3}}]},"6":{"type":"branch","line":29,"loc":{"start":{"line":29,"column":9},"end":{"line":31,"column":3}},"locations":[{"start":{"line":29,"column":9},"end":{"line":31,"column":3}}]},"7":{"type":"branch","line":33,"loc":{"start":{"line":33,"column":9},"end":{"line":35,"column":3}},"locations":[{"start":{"line":33,"column":9},"end":{"line":35,"column":3}}]}},"b":{"0":[7],"1":[5],"2":[6],"3":[5],"4":[1],"5":[1],"6":[1],"7":[1]},"fnMap":{"0":{"name":"<instance_members_initializer>","decl":{"start":{"line":4,"column":24},"end":{"line":36,"column":1}},"loc":{"start":{"line":4,"column":24},"end":{"line":36,"column":1}},"line":4},"1":{"name":"CoreLogger","decl":{"start":{"line":8,"column":10},"end":{"line":12,"column":3}},"loc":{"start":{"line":8,"column":10},"end":{"line":12,"column":3}},"line":8},"2":{"name":"getInstance","decl":{"start":{"line":14,"column":16},"end":{"line":19,"column":3}},"loc":{"start":{"line":14,"column":16},"end":{"line":19,"column":3}},"line":14},"3":{"name":"info","decl":{"start":{"line":21,"column":9},"end":{"line":23,"column":3}},"loc":{"start":{"line":21,"column":9},"end":{"line":23,"column":3}},"line":21},"4":{"name":"warn","decl":{"start":{"line":25,"column":9},"end":{"line":27,"column":3}},"loc":{"start":{"line":25,"column":9},"end":{"line":27,"column":3}},"line":25},"5":{"name":"error","decl":{"start":{"line":29,"column":9},"end":{"line":31,"column":3}},"loc":{"start":{"line":29,"column":9},"end":{"line":31,"column":3}},"line":29},"6":{"name":"debug","decl":{"start":{"line":33,"column":9},"end":{"line":35,"column":3}},"loc":{"start":{"line":33,"column":9},"end":{"line":35,"column":3}},"line":33}},"f":{"0":7,"1":5,"2":6,"3":1,"4":1,"5":1,"6":1}}
,"C:\\Users\\ijain\\AIOS\\packages\\core\\src\\memory-operations.ts": {"path":"C:\\Users\\ijain\\AIOS\\packages\\core\\src\\memory-operations.ts","all":false,"statementMap":{"0":{"start":{"line":1,"column":0},"end":{"line":1,"column":44}},"1":{"start":{"line":2,"column":0},"end":{"line":2,"column":36}},"2":{"start":{"line":3,"column":0},"end":{"line":3,"column":0}},"3":{"start":{"line":4,"column":0},"end":{"line":4,"column":100}},"4":{"start":{"line":5,"column":0},"end":{"line":5,"column":0}},"5":{"start":{"line":6,"column":0},"end":{"line":6,"column":31}},"6":{"start":{"line":7,"column":0},"end":{"line":7,"column":47}},"7":{"start":{"line":8,"column":0},"end":{"line":8,"column":0}},"8":{"start":{"line":9,"column":0},"end":{"line":9,"column":113}},"9":{"start":{"line":10,"column":0},"end":{"line":10,"column":24}},"10":{"start":{"line":11,"column":0},"end":{"line":11,"column":20}},"11":{"start":{"line":12,"column":0},"end":{"line":12,"column":9}},"12":{"start":{"line":13,"column":0},"end":{"line":13,"column":11}},"13":{"start":{"line":14,"column":0},"end":{"line":14,"column":14}},"14":{"start":{"line":15,"column":0},"end":{"line":15,"column":15}},"15":{"start":{"line":16,"column":0},"end":{"line":16,"column":28}},"16":{"start":{"line":17,"column":0},"end":{"line":17,"column":28}},"17":{"start":{"line":18,"column":0},"end":{"line":18,"column":6}},"18":{"start":{"line":19,"column":0},"end":{"line":19,"column":34}},"19":{"start":{"line":20,"column":0},"end":{"line":20,"column":14}},"20":{"start":{"line":21,"column":0},"end":{"line":21,"column":3}},"21":{"start":{"line":22,"column":0},"end":{"line":22,"column":0}},"22":{"start":{"line":23,"column":0},"end":{"line":23,"column":90}},"23":{"start":{"line":24,"column":0},"end":{"line":24,"column":31}},"24":{"start":{"line":25,"column":0},"end":{"line":25,"column":12}},"25":{"start":{"line":26,"column":0},"end":{"line":26,"column":15}},"26":{"start":{"line":27,"column":0},"end":{"line":27,"column":15}},"27":{"start":{"line":28,"column":0},"end":{"line":28,"column":11}},"28":{"start":{"line":29,"column":0},"end":{"line":29,"column":24}},"29":{"start":{"line":30,"column":0},"end":{"line":30,"column":20}},"30":{"start":{"line":31,"column":0},"end":{"line":31,"column":26}},"31":{"start":{"line":32,"column":0},"end":{"line":32,"column":14}},"32":{"start":{"line":33,"column":0},"end":{"line":33,"column":12}},"33":{"start":{"line":34,"column":0},"end":{"line":34,"column":10}},"34":{"start":{"line":35,"column":0},"end":{"line":35,"column":8}},"35":{"start":{"line":36,"column":0},"end":{"line":36,"column":12}},"36":{"start":{"line":37,"column":0},"end":{"line":37,"column":7}},"37":{"start":{"line":38,"column":0},"end":{"line":38,"column":3}},"38":{"start":{"line":39,"column":0},"end":{"line":39,"column":0}},"39":{"start":{"line":40,"column":0},"end":{"line":40,"column":69}},"40":{"start":{"line":41,"column":0},"end":{"line":41,"column":51}},"41":{"start":{"line":42,"column":0},"end":{"line":42,"column":62}},"42":{"start":{"line":43,"column":0},"end":{"line":43,"column":3}},"43":{"start":{"line":44,"column":0},"end":{"line":44,"column":0}},"44":{"start":{"line":45,"column":0},"end":{"line":45,"column":64}},"45":{"start":{"line":46,"column":0},"end":{"line":46,"column":57}},"46":{"start":{"line":47,"column":0},"end":{"line":47,"column":3}},"47":{"start":{"line":48,"column":0},"end":{"line":48,"column":0}},"48":{"start":{"line":49,"column":0},"end":{"line":49,"column":78}},"49":{"start":{"line":50,"column":0},"end":{"line":50,"column":64}},"50":{"start":{"line":51,"column":0},"end":{"line":51,"column":3}},"51":{"start":{"line":52,"column":0},"end":{"line":52,"column":0}},"52":{"start":{"line":53,"column":0},"end":{"line":53,"column":69}},"53":{"start":{"line":54,"column":0},"end":{"line":54,"column":58}},"54":{"start":{"line":55,"column":0},"end":{"line":55,"column":3}},"55":{"start":{"line":56,"column":0},"end":{"line":56,"column":0}},"56":{"start":{"line":57,"column":0},"end":{"line":57,"column":48}},"57":{"start":{"line":58,"column":0},"end":{"line":58,"column":66}},"58":{"start":{"line":59,"column":0},"end":{"line":59,"column":3}},"59":{"start":{"line":60,"column":0},"end":{"line":60,"column":1}}},"s":{"0":1,"1":1,"2":1,"3":1,"4":1,"5":1,"6":1,"7":1,"8":1,"9":6,"10":6,"11":6,"12":6,"13":6,"14":6,"15":6,"16":6,"17":6,"18":6,"19":6,"20":6,"21":1,"22":1,"23":3,"24":3,"25":3,"26":3,"27":3,"28":3,"29":3,"30":3,"31":3,"32":3,"33":3,"34":3,"35":3,"36":3,"37":3,"38":1,"39":1,"40":1,"41":1,"42":1,"43":1,"44":1,"45":1,"46":1,"47":1,"48":1,"49":1,"50":1,"51":1,"52":1,"53":1,"54":1,"55":1,"56":1,"57":1,"58":1,"59":1},"branchMap":{"0":{"type":"branch","line":7,"loc":{"start":{"line":7,"column":2},"end":{"line":7,"column":47}},"locations":[{"start":{"line":7,"column":2},"end":{"line":7,"column":47}}]},"1":{"type":"branch","line":9,"loc":{"start":{"line":9,"column":2},"end":{"line":21,"column":3}},"locations":[{"start":{"line":9,"column":2},"end":{"line":21,"column":3}}]},"2":{"type":"branch","line":23,"loc":{"start":{"line":23,"column":2},"end":{"line":38,"column":3}},"locations":[{"start":{"line":23,"column":2},"end":{"line":38,"column":3}}]},"3":{"type":"branch","line":40,"loc":{"start":{"line":40,"column":2},"end":{"line":43,"column":3}},"locations":[{"start":{"line":40,"column":2},"end":{"line":43,"column":3}}]},"4":{"type":"branch","line":45,"loc":{"start":{"line":45,"column":2},"end":{"line":47,"column":3}},"locations":[{"start":{"line":45,"column":2},"end":{"line":47,"column":3}}]},"5":{"type":"branch","line":49,"loc":{"start":{"line":49,"column":2},"end":{"line":51,"column":3}},"locations":[{"start":{"line":49,"column":2},"end":{"line":51,"column":3}}]},"6":{"type":"branch","line":53,"loc":{"start":{"line":53,"column":2},"end":{"line":55,"column":3}},"locations":[{"start":{"line":53,"column":2},"end":{"line":55,"column":3}}]},"7":{"type":"branch","line":57,"loc":{"start":{"line":57,"column":2},"end":{"line":59,"column":3}},"locations":[{"start":{"line":57,"column":2},"end":{"line":59,"column":3}}]}},"b":{"0":[9],"1":[6],"2":[3],"3":[1],"4":[1],"5":[1],"6":[1],"7":[1]},"fnMap":{"0":{"name":"MemoryOperations","decl":{"start":{"line":7,"column":2},"end":{"line":7,"column":47}},"loc":{"start":{"line":7,"column":2},"end":{"line":7,"column":47}},"line":7},"1":{"name":"saveTypedMemory","decl":{"start":{"line":9,"column":2},"end":{"line":21,"column":3}},"loc":{"start":{"line":9,"column":2},"end":{"line":21,"column":3}},"line":9},"2":{"name":"searchTyped","decl":{"start":{"line":23,"column":2},"end":{"line":38,"column":3}},"loc":{"start":{"line":23,"column":2},"end":{"line":38,"column":3}},"line":23},"3":{"name":"savePreference","decl":{"start":{"line":40,"column":2},"end":{"line":43,"column":3}},"loc":{"start":{"line":40,"column":2},"end":{"line":43,"column":3}},"line":40},"4":{"name":"saveNote","decl":{"start":{"line":45,"column":2},"end":{"line":47,"column":3}},"loc":{"start":{"line":45,"column":2},"end":{"line":47,"column":3}},"line":45},"5":{"name":"saveProjectContext","decl":{"start":{"line":49,"column":2},"end":{"line":51,"column":3}},"loc":{"start":{"line":49,"column":2},"end":{"line":51,"column":3}},"line":49},"6":{"name":"savePersonInfo","decl":{"start":{"line":53,"column":2},"end":{"line":55,"column":3}},"loc":{"start":{"line":53,"column":2},"end":{"line":55,"column":3}},"line":53},"7":{"name":"getGlobalPreferences","decl":{"start":{"line":57,"column":2},"end":{"line":59,"column":3}},"loc":{"start":{"line":57,"column":2},"end":{"line":59,"column":3}},"line":57}},"f":{"0":9,"1":6,"2":3,"3":1,"4":1,"5":1,"6":1,"7":1}}
,"C:\\Users\\ijain\\AIOS\\packages\\core\\src\\metrics.ts": {"path":"C:\\Users\\ijain\\AIOS\\packages\\core\\src\\metrics.ts","all":false,"statementMap":{"0":{"start":{"line":1,"column":0},"end":{"line":1,"column":46}},"1":{"start":{"line":2,"column":0},"end":{"line":2,"column":0}},"2":{"start":{"line":3,"column":0},"end":{"line":3,"column":31}},"3":{"start":{"line":4,"column":0},"end":{"line":4,"column":44}},"4":{"start":{"line":5,"column":0},"end":{"line":5,"column":131}},"5":{"start":{"line":6,"column":0},"end":{"line":6,"column":0}},"6":{"start":{"line":7,"column":0},"end":{"line":7,"column":25}},"7":{"start":{"line":8,"column":0},"end":{"line":8,"column":97}},"8":{"start":{"line":9,"column":0},"end":{"line":9,"column":97}},"9":{"start":{"line":10,"column":0},"end":{"line":10,"column":102}},"10":{"start":{"line":11,"column":0},"end":{"line":11,"column":87}},"11":{"start":{"line":12,"column":0},"end":{"line":12,"column":82}},"12":{"start":{"line":13,"column":0},"end":{"line":13,"column":84}},"13":{"start":{"line":14,"column":0},"end":{"line":14,"column":71}},"14":{"start":{"line":15,"column":0},"end":{"line":15,"column":94}},"15":{"start":{"line":16,"column":0},"end":{"line":16,"column":103}},"16":{"start":{"line":17,"column":0},"end":{"line":17,"column":3}},"17":{"start":{"line":18,"column":0},"end":{"line":18,"column":0}},"18":{"start":{"line":19,"column":0},"end":{"line":19,"column":49}},"19":{"start":{"line":20,"column":0},"end":{"line":20,"column":37}},"20":{"start":{"line":21,"column":0},"end":{"line":21,"column":57}},"21":{"start":{"line":22,"column":0},"end":{"line":22,"column":5}},"22":{"start":{"line":23,"column":0},"end":{"line":23,"column":37}},"23":{"start":{"line":24,"column":0},"end":{"line":24,"column":3}},"24":{"start":{"line":25,"column":0},"end":{"line":25,"column":0}},"25":{"start":{"line":26,"column":0},"end":{"line":26,"column":100}},"26":{"start":{"line":27,"column":0},"end":{"line":27,"column":31}},"27":{"start":{"line":28,"column":0},"end":{"line":28,"column":76}},"28":{"start":{"line":29,"column":0},"end":{"line":29,"column":101}},"29":{"start":{"line":30,"column":0},"end":{"line":30,"column":105}},"30":{"start":{"line":31,"column":0},"end":{"line":31,"column":12}},"31":{"start":{"line":32,"column":0},"end":{"line":32,"column":64}},"32":{"start":{"line":33,"column":0},"end":{"line":33,"column":5}},"33":{"start":{"line":34,"column":0},"end":{"line":34,"column":3}},"34":{"start":{"line":35,"column":0},"end":{"line":35,"column":0}},"35":{"start":{"line":36,"column":0},"end":{"line":36,"column":96}},"36":{"start":{"line":37,"column":0},"end":{"line":37,"column":42}},"37":{"start":{"line":38,"column":0},"end":{"line":38,"column":24}},"38":{"start":{"line":39,"column":0},"end":{"line":39,"column":0}},"39":{"start":{"line":40,"column":0},"end":{"line":40,"column":50}},"40":{"start":{"line":41,"column":0},"end":{"line":41,"column":53}},"41":{"start":{"line":42,"column":0},"end":{"line":42,"column":49}},"42":{"start":{"line":43,"column":0},"end":{"line":43,"column":3}},"43":{"start":{"line":44,"column":0},"end":{"line":44,"column":0}},"44":{"start":{"line":45,"column":0},"end":{"line":45,"column":81}},"45":{"start":{"line":46,"column":0},"end":{"line":46,"column":42}},"46":{"start":{"line":47,"column":0},"end":{"line":47,"column":24}},"47":{"start":{"line":48,"column":0},"end":{"line":48,"column":0}},"48":{"start":{"line":49,"column":0},"end":{"line":49,"column":50}},"49":{"start":{"line":50,"column":0},"end":{"line":50,"column":39}},"50":{"start":{"line":51,"column":0},"end":{"line":51,"column":3}},"51":{"start":{"line":52,"column":0},"end":{"line":52,"column":0}},"52":{"start":{"line":53,"column":0},"end":{"line":53,"column":85}},"53":{"start":{"line":54,"column":0},"end":{"line":54,"column":58}},"54":{"start":{"line":55,"column":0},"end":{"line":55,"column":30}},"55":{"start":{"line":56,"column":0},"end":{"line":56,"column":23}},"56":{"start":{"line":57,"column":0},"end":{"line":57,"column":58}},"57":{"start":{"line":58,"column":0},"end":{"line":58,"column":60}},"58":{"start":{"line":59,"column":0},"end":{"line":59,"column":7}},"59":{"start":{"line":60,"column":0},"end":{"line":60,"column":5}},"60":{"start":{"line":61,"column":0},"end":{"line":61,"column":49}},"61":{"start":{"line":62,"column":0},"end":{"line":62,"column":47}},"62":{"start":{"line":63,"column":0},"end":{"line":63,"column":3}},"63":{"start":{"line":64,"column":0},"end":{"line":64,"column":0}},"64":{"start":{"line":65,"column":0},"end":{"line":65,"column":5}},"65":{"start":{"line":66,"column":0},"end":{"line":66,"column":59}},"66":{"start":{"line":67,"column":0},"end":{"line":67,"column":5}},"67":{"start":{"line":68,"column":0},"end":{"line":68,"column":37}},"68":{"start":{"line":69,"column":0},"end":{"line":69,"column":20}},"69":{"start":{"line":70,"column":0},"end":{"line":70,"column":48}},"70":{"start":{"line":71,"column":0},"end":{"line":71,"column":50}},"71":{"start":{"line":72,"column":0},"end":{"line":72,"column":50}},"72":{"start":{"line":73,"column":0},"end":{"line":73,"column":0}},"73":{"start":{"line":74,"column":0},"end":{"line":74,"column":53}},"74":{"start":{"line":75,"column":0},"end":{"line":75,"column":49}},"75":{"start":{"line":76,"column":0},"end":{"line":76,"column":7}},"76":{"start":{"line":77,"column":0},"end":{"line":77,"column":21}},"77":{"start":{"line":78,"column":0},"end":{"line":78,"column":5}},"78":{"start":{"line":79,"column":0},"end":{"line":79,"column":18}},"79":{"start":{"line":80,"column":0},"end":{"line":80,"column":3}},"80":{"start":{"line":81,"column":0},"end":{"line":81,"column":0}},"81":{"start":{"line":82,"column":0},"end":{"line":82,"column":67}},"82":{"start":{"line":83,"column":0},"end":{"line":83,"column":43}},"83":{"start":{"line":84,"column":0},"end":{"line":84,"column":40}},"84":{"start":{"line":85,"column":0},"end":{"line":85,"column":67}},"85":{"start":{"line":86,"column":0},"end":{"line":86,"column":24}},"86":{"start":{"line":87,"column":0},"end":{"line":87,"column":3}},"87":{"start":{"line":88,"column":0},"end":{"line":88,"column":1}}},"s":{"0":1,"1":1,"2":1,"3":8,"4":8,"5":8,"6":8,"7":6,"8":6,"9":6,"10":6,"11":6,"12":6,"13":6,"14":6,"15":6,"16":6,"17":8,"18":8,"19":7,"20":6,"21":6,"22":7,"23":7,"24":8,"25":8,"26":58,"27":25,"28":25,"29":25,"30":58,"31":33,"32":33,"33":58,"34":8,"35":8,"36":16,"37":16,"38":15,"39":15,"40":16,"41":16,"42":16,"43":8,"44":8,"45":3,"46":3,"47":2,"48":2,"49":2,"50":3,"51":8,"52":8,"53":2,"54":2,"55":12,"56":8,"57":8,"58":8,"59":12,"60":2,"61":2,"62":2,"63":8,"64":8,"65":8,"66":8,"67":8,"68":4,"69":4,"70":74,"71":74,"72":74,"73":74,"74":10,"75":10,"76":74,"77":74,"78":4,"79":4,"80":8,"81":8,"82":17,"83":17,"84":16,"85":16,"86":17,"87":8},"branchMap":{"0":{"type":"branch","line":3,"loc":{"start":{"line":3,"column":30},"end":{"line":88,"column":1}},"locations":[{"start":{"line":3,"column":30},"end":{"line":88,"column":1}}]},"1":{"type":"branch","line":7,"loc":{"start":{"line":7,"column":10},"end":{"line":17,"column":3}},"locations":[{"start":{"line":7,"column":10},"end":{"line":17,"column":3}}]},"2":{"type":"branch","line":19,"loc":{"start":{"line":19,"column":16},"end":{"line":24,"column":3}},"locations":[{"start":{"line":19,"column":16},"end":{"line":24,"column":3}}]},"3":{"type":"branch","line":20,"loc":{"start":{"line":20,"column":36},"end":{"line":22,"column":5}},"locations":[{"start":{"line":20,"column":36},"end":{"line":22,"column":5}}]},"4":{"type":"branch","line":26,"loc":{"start":{"line":26,"column":9},"end":{"line":34,"column":3}},"locations":[{"start":{"line":26,"column":9},"end":{"line":34,"column":3}}]},"5":{"type":"branch","line":27,"loc":{"start":{"line":27,"column":30},"end":{"line":31,"column":11}},"locations":[{"start":{"line":27,"column":30},"end":{"line":31,"column":11}}]},"6":{"type":"branch","line":31,"loc":{"start":{"line":31,"column":4},"end":{"line":33,"column":5}},"locations":[{"start":{"line":31,"column":4},"end":{"line":33,"column":5}}]},"7":{"type":"branch","line":36,"loc":{"start":{"line":36,"column":9},"end":{"line":43,"column":3}},"locations":[{"start":{"line":36,"column":9},"end":{"line":43,"column":3}}]},"8":{"type":"branch","line":38,"loc":{"start":{"line":38,"column":17},"end":{"line":38,"column":24}},"locations":[{"start":{"line":38,"column":17},"end":{"line":38,"column":24}}]},"9":{"type":"branch","line":38,"loc":{"start":{"line":38,"column":17},"end":{"line":41,"column":51}},"locations":[{"start":{"line":38,"column":17},"end":{"line":41,"column":51}}]},"10":{"type":"branch","line":41,"loc":{"start":{"line":41,"column":46},"end":{"line":41,"column":53}},"locations":[{"start":{"line":41,"column":46},"end":{"line":41,"column":53}}]},"11":{"type":"branch","line":45,"loc":{"start":{"line":45,"column":9},"end":{"line":51,"column":3}},"locations":[{"start":{"line":45,"column":9},"end":{"line":51,"column":3}}]},"12":{"type":"branch","line":47,"loc":{"start":{"line":47,"column":17},"end":{"line":47,"column":24}},"locations":[{"start":{"line":47,"column":17},"end":{"line":47,"column":24}}]},"13":{"type":"branch","line":47,"loc":{"start":{"line":47,"column":17},"end":{"line":50,"column":39}},"locations":[{"start":{"line":47,"column":17},"end":{"line":50,"column":39}}]},"14":{"type":"branch","line":53,"loc":{"start":{"line":53,"column":9},"end":{"line":63,"column":3}},"locations":[{"start":{"line":53,"column":9},"end":{"line":63,"column":3}}]},"15":{"type":"branch","line":55,"loc":{"start":{"line":55,"column":29},"end":{"line":60,"column":5}},"locations":[{"start":{"line":55,"column":29},"end":{"line":60,"column":5}}]},"16":{"type":"branch","line":56,"loc":{"start":{"line":56,"column":22},"end":{"line":59,"column":7}},"locations":[{"start":{"line":56,"column":22},"end":{"line":59,"column":7}}]},"17":{"type":"branch","line":57,"loc":{"start":{"line":57,"column":25},"end":{"line":57,"column":45}},"locations":[{"start":{"line":57,"column":25},"end":{"line":57,"column":45}}]},"18":{"type":"branch","line":57,"loc":{"start":{"line":57,"column":36},"end":{"line":57,"column":58}},"locations":[{"start":{"line":57,"column":36},"end":{"line":57,"column":58}}]},"19":{"type":"branch","line":68,"loc":{"start":{"line":68,"column":9},"end":{"line":80,"column":3}},"locations":[{"start":{"line":68,"column":9},"end":{"line":80,"column":3}}]},"20":{"type":"branch","line":70,"loc":{"start":{"line":70,"column":47},"end":{"line":78,"column":5}},"locations":[{"start":{"line":70,"column":47},"end":{"line":78,"column":5}}]},"21":{"type":"branch","line":74,"loc":{"start":{"line":74,"column":52},"end":{"line":76,"column":7}},"locations":[{"start":{"line":74,"column":52},"end":{"line":76,"column":7}}]},"22":{"type":"branch","line":82,"loc":{"start":{"line":82,"column":10},"end":{"line":87,"column":3}},"locations":[{"start":{"line":82,"column":10},"end":{"line":87,"column":3}}]},"23":{"type":"branch","line":84,"loc":{"start":{"line":84,"column":30},"end":{"line":84,"column":40}},"locations":[{"start":{"line":84,"column":30},"end":{"line":84,"column":40}}]},"24":{"type":"branch","line":84,"loc":{"start":{"line":84,"column":37},"end":{"line":86,"column":24}},"locations":[{"start":{"line":84,"column":37},"end":{"line":86,"column":24}}]},"25":{"type":"branch","line":85,"loc":{"start":{"line":85,"column":30},"end":{"line":85,"column":55}},"locations":[{"start":{"line":85,"column":30},"end":{"line":85,"column":55}}]}},"b":{"0":[8],"1":[6],"2":[7],"3":[6],"4":[58],"5":[25],"6":[33],"7":[16],"8":[1],"9":[15],"10":[9],"11":[3],"12":[1],"13":[2],"14":[2],"15":[12],"16":[8],"17":[2],"18":[6],"19":[4],"20":[74],"21":[10],"22":[17],"23":[1],"24":[16],"25":[24]},"fnMap":{"0":{"name":"<instance_members_initializer>","decl":{"start":{"line":3,"column":30},"end":{"line":88,"column":1}},"loc":{"start":{"line":3,"column":30},"end":{"line":88,"column":1}},"line":3},"1":{"name":"MetricsCollector","decl":{"start":{"line":7,"column":10},"end":{"line":17,"column":3}},"loc":{"start":{"line":7,"column":10},"end":{"line":17,"column":3}},"line":7},"2":{"name":"getInstance","decl":{"start":{"line":19,"column":16},"end":{"line":24,"column":3}},"loc":{"start":{"line":19,"column":16},"end":{"line":24,"column":3}},"line":19},"3":{"name":"registerMetric","decl":{"start":{"line":26,"column":9},"end":{"line":34,"column":3}},"loc":{"start":{"line":26,"column":9},"end":{"line":34,"column":3}},"line":26},"4":{"name":"increment","decl":{"start":{"line":36,"column":9},"end":{"line":43,"column":3}},"loc":{"start":{"line":36,"column":9},"end":{"line":43,"column":3}},"line":36},"5":{"name":"set","decl":{"start":{"line":45,"column":9},"end":{"line":51,"column":3}},"loc":{"start":{"line":45,"column":9},"end":{"line":51,"column":3}},"line":45},"6":{"name":"observe","decl":{"start":{"line":53,"column":9},"end":{"line":63,"column":3}},"loc":{"start":{"line":53,"column":9},"end":{"line":63,"column":3}},"line":53},"7":{"name":"renderExposition","decl":{"start":{"line":68,"column":9},"end":{"line":80,"column":3}},"loc":{"start":{"line":68,"column":9},"end":{"line":80,"column":3}},"line":68},"8":{"name":"serializeLabels","decl":{"start":{"line":82,"column":10},"end":{"line":87,"column":3}},"loc":{"start":{"line":82,"column":10},"end":{"line":87,"column":3}},"line":82}},"f":{"0":8,"1":6,"2":7,"3":58,"4":16,"5":3,"6":2,"7":4,"8":17}}
,"C:\\Users\\ijain\\AIOS\\packages\\core\\src\\storage-postprocessor.ts": {"path":"C:\\Users\\ijain\\AIOS\\packages\\core\\src\\storage-postprocessor.ts","all":false,"statementMap":{"0":{"start":{"line":1,"column":0},"end":{"line":1,"column":116}},"1":{"start":{"line":2,"column":0},"end":{"line":2,"column":38}},"2":{"start":{"line":3,"column":0},"end":{"line":3,"column":36}},"3":{"start":{"line":4,"column":0},"end":{"line":4,"column":0}},"4":{"start":{"line":5,"column":0},"end":{"line":5,"column":67}},"5":{"start":{"line":6,"column":0},"end":{"line":6,"column":45}},"6":{"start":{"line":7,"column":0},"end":{"line":7,"column":2}},"7":{"start":{"line":8,"column":0},"end":{"line":8,"column":89}},"8":{"start":{"line":9,"column":0},"end":{"line":9,"column":0}},"9":{"start":{"line":10,"column":0},"end":{"line":10,"column":59}},"10":{"start":{"line":11,"column":0},"end":{"line":11,"column":57}},"11":{"start":{"line":12,"column":0},"end":{"line":12,"column":13}},"12":{"start":{"line":13,"column":0},"end":{"line":13,"column":5}},"13":{"start":{"line":14,"column":0},"end":{"line":14,"column":0}},"14":{"start":{"line":15,"column":0},"end":{"line":15,"column":50}},"15":{"start":{"line":16,"column":0},"end":{"line":16,"column":19}},"16":{"start":{"line":17,"column":0},"end":{"line":17,"column":48}},"17":{"start":{"line":18,"column":0},"end":{"line":18,"column":29}},"18":{"start":{"line":19,"column":0},"end":{"line":19,"column":17}},"19":{"start":{"line":20,"column":0},"end":{"line":20,"column":28}},"20":{"start":{"line":21,"column":0},"end":{"line":21,"column":26}},"21":{"start":{"line":22,"column":0},"end":{"line":22,"column":31}},"22":{"start":{"line":23,"column":0},"end":{"line":23,"column":45}},"23":{"start":{"line":24,"column":0},"end":{"line":24,"column":47}},"24":{"start":{"line":25,"column":0},"end":{"line":25,"column":8}},"25":{"start":{"line":26,"column":0},"end":{"line":26,"column":47}},"26":{"start":{"line":27,"column":0},"end":{"line":27,"column":47}},"27":{"start":{"line":28,"column":0},"end":{"line":28,"column":26}},"28":{"start":{"line":29,"column":0},"end":{"line":29,"column":8}},"29":{"start":{"line":30,"column":0},"end":{"line":30,"column":0}},"30":{"start":{"line":31,"column":0},"end":{"line":31,"column":40}},"31":{"start":{"line":32,"column":0},"end":{"line":32,"column":30}},"32":{"start":{"line":33,"column":0},"end":{"line":33,"column":9}},"33":{"start":{"line":34,"column":0},"end":{"line":34,"column":47}},"34":{"start":{"line":35,"column":0},"end":{"line":35,"column":17}},"35":{"start":{"line":36,"column":0},"end":{"line":36,"column":26}},"36":{"start":{"line":37,"column":0},"end":{"line":37,"column":14}},"37":{"start":{"line":38,"column":0},"end":{"line":38,"column":5}},"38":{"start":{"line":39,"column":0},"end":{"line":39,"column":60}},"39":{"start":{"line":40,"column":0},"end":{"line":40,"column":45}},"40":{"start":{"line":41,"column":0},"end":{"line":41,"column":0}},"41":{"start":{"line":42,"column":0},"end":{"line":42,"column":25}},"42":{"start":{"line":43,"column":0},"end":{"line":43,"column":44}},"43":{"start":{"line":44,"column":0},"end":{"line":44,"column":19}},"44":{"start":{"line":45,"column":0},"end":{"line":45,"column":27}},"45":{"start":{"line":46,"column":0},"end":{"line":46,"column":28}},"46":{"start":{"line":47,"column":0},"end":{"line":47,"column":43}},"47":{"start":{"line":48,"column":0},"end":{"line":48,"column":16}},"48":{"start":{"line":49,"column":0},"end":{"line":49,"column":31}},"49":{"start":{"line":50,"column":0},"end":{"line":50,"column":18}},"50":{"start":{"line":51,"column":0},"end":{"line":51,"column":33}},"51":{"start":{"line":52,"column":0},"end":{"line":52,"column":8}},"52":{"start":{"line":53,"column":0},"end":{"line":53,"column":16}},"53":{"start":{"line":54,"column":0},"end":{"line":54,"column":38}},"54":{"start":{"line":55,"column":0},"end":{"line":55,"column":38}},"55":{"start":{"line":56,"column":0},"end":{"line":56,"column":21}},"56":{"start":{"line":57,"column":0},"end":{"line":57,"column":7}},"57":{"start":{"line":58,"column":0},"end":{"line":58,"column":28}},"58":{"start":{"line":59,"column":0},"end":{"line":59,"column":0}},"59":{"start":{"line":60,"column":0},"end":{"line":60,"column":41}},"60":{"start":{"line":61,"column":0},"end":{"line":61,"column":38}},"61":{"start":{"line":62,"column":0},"end":{"line":62,"column":28}},"62":{"start":{"line":63,"column":0},"end":{"line":63,"column":23}},"63":{"start":{"line":64,"column":0},"end":{"line":64,"column":9}},"64":{"start":{"line":65,"column":0},"end":{"line":65,"column":53}},"65":{"start":{"line":66,"column":0},"end":{"line":66,"column":74}},"66":{"start":{"line":67,"column":0},"end":{"line":67,"column":102}},"67":{"start":{"line":68,"column":0},"end":{"line":68,"column":63}},"68":{"start":{"line":69,"column":0},"end":{"line":69,"column":51}},"69":{"start":{"line":70,"column":0},"end":{"line":70,"column":21}},"70":{"start":{"line":71,"column":0},"end":{"line":71,"column":7}},"71":{"start":{"line":72,"column":0},"end":{"line":72,"column":17}},"72":{"start":{"line":73,"column":0},"end":{"line":73,"column":24}},"73":{"start":{"line":74,"column":0},"end":{"line":74,"column":5}},"74":{"start":{"line":75,"column":0},"end":{"line":75,"column":56}},"75":{"start":{"line":76,"column":0},"end":{"line":76,"column":0}},"76":{"start":{"line":77,"column":0},"end":{"line":77,"column":44}},"77":{"start":{"line":78,"column":0},"end":{"line":78,"column":19}},"78":{"start":{"line":79,"column":0},"end":{"line":79,"column":27}},"79":{"start":{"line":80,"column":0},"end":{"line":80,"column":28}},"80":{"start":{"line":81,"column":0},"end":{"line":81,"column":43}},"81":{"start":{"line":82,"column":0},"end":{"line":82,"column":16}},"82":{"start":{"line":83,"column":0},"end":{"line":83,"column":31}},"83":{"start":{"line":84,"column":0},"end":{"line":84,"column":17}},"84":{"start":{"line":85,"column":0},"end":{"line":85,"column":8}},"85":{"start":{"line":86,"column":0},"end":{"line":86,"column":16}},"86":{"start":{"line":87,"column":0},"end":{"line":87,"column":36}},"87":{"start":{"line":88,"column":0},"end":{"line":88,"column":36}},"88":{"start":{"line":89,"column":0},"end":{"line":89,"column":18}},"89":{"start":{"line":90,"column":0},"end":{"line":90,"column":7}},"90":{"start":{"line":91,"column":0},"end":{"line":91,"column":28}},"91":{"start":{"line":92,"column":0},"end":{"line":92,"column":3}},"92":{"start":{"line":93,"column":0},"end":{"line":93,"column":1}}},"s":{"0":1,"1":1,"2":1,"3":1,"4":1,"5":6,"6":6,"7":6,"8":6,"9":6,"10":6,"11":1,"12":1,"13":5,"14":5,"15":5,"16":5,"17":5,"18":5,"19":5,"20":5,"21":5,"22":5,"23":5,"24":5,"25":5,"26":5,"27":5,"28":5,"29":5,"30":5,"31":5,"32":5,"33":5,"34":6,"35":1,"36":1,"37":1,"38":4,"39":4,"40":4,"41":4,"42":4,"43":4,"44":4,"45":4,"46":4,"47":4,"48":4,"49":4,"50":4,"51":4,"52":4,"53":4,"54":4,"55":4,"56":4,"57":4,"58":4,"59":4,"60":4,"61":4,"62":4,"63":4,"64":4,"65":3,"66":6,"67":1,"68":1,"69":1,"70":1,"71":6,"72":1,"73":1,"74":4,"75":4,"76":4,"77":4,"78":4,"79":4,"80":4,"81":4,"82":4,"83":4,"84":4,"85":4,"86":4,"87":4,"88":4,"89":4,"90":4,"91":6,"92":6},"branchMap":{"0":{"type":"branch","line":5,"loc":{"start":{"line":5,"column":66},"end":{"line":93,"column":1}},"locations":[{"start":{"line":5,"column":66},"end":{"line":93,"column":1}}]},"1":{"type":"branch","line":8,"loc":{"start":{"line":8,"column":2},"end":{"line":8,"column":89}},"locations":[{"start":{"line":8,"column":2},"end":{"line":8,"column":89}}]},"2":{"type":"branch","line":10,"loc":{"start":{"line":10,"column":2},"end":{"line":92,"column":3}},"locations":[{"start":{"line":10,"column":2},"end":{"line":92,"column":3}}]},"3":{"type":"branch","line":11,"loc":{"start":{"line":11,"column":56},"end":{"line":13,"column":5}},"locations":[{"start":{"line":11,"column":56},"end":{"line":13,"column":5}}]},"4":{"type":"branch","line":13,"loc":{"start":{"line":13,"column":4},"end":{"line":34,"column":47}},"locations":[{"start":{"line":13,"column":4},"end":{"line":34,"column":47}}]},"5":{"type":"branch","line":34,"loc":{"start":{"line":34,"column":45},"end":{"line":35,"column":13}},"locations":[{"start":{"line":34,"column":45},"end":{"line":35,"column":13}}]},"6":{"type":"branch","line":35,"loc":{"start":{"line":35,"column":4},"end":{"line":38,"column":5}},"locations":[{"start":{"line":35,"column":4},"end":{"line":38,"column":5}}]},"7":{"type":"branch","line":38,"loc":{"start":{"line":38,"column":4},"end":{"line":65,"column":53}},"locations":[{"start":{"line":38,"column":4},"end":{"line":65,"column":53}}]},"8":{"type":"branch","line":65,"loc":{"start":{"line":65,"column":51},"end":{"line":67,"column":22}},"locations":[{"start":{"line":65,"column":51},"end":{"line":67,"column":22}}]},"9":{"type":"branch","line":67,"loc":{"start":{"line":67,"column":13},"end":{"line":67,"column":50}},"locations":[{"start":{"line":67,"column":13},"end":{"line":67,"column":50}}]},"10":{"type":"branch","line":67,"loc":{"start":{"line":67,"column":39},"end":{"line":67,"column":84}},"locations":[{"start":{"line":67,"column":39},"end":{"line":67,"column":84}}]},"11":{"type":"branch","line":67,"loc":{"start":{"line":67,"column":67},"end":{"line":67,"column":101}},"locations":[{"start":{"line":67,"column":67},"end":{"line":67,"column":101}}]},"12":{"type":"branch","line":67,"loc":{"start":{"line":67,"column":101},"end":{"line":71,"column":7}},"locations":[{"start":{"line":67,"column":101},"end":{"line":71,"column":7}}]},"13":{"type":"branch","line":72,"loc":{"start":{"line":72,"column":4},"end":{"line":74,"column":5}},"locations":[{"start":{"line":72,"column":4},"end":{"line":74,"column":5}}]},"14":{"type":"branch","line":74,"loc":{"start":{"line":74,"column":4},"end":{"line":91,"column":28}},"locations":[{"start":{"line":74,"column":4},"end":{"line":91,"column":28}}]},"15":{"type":"branch","line":15,"loc":{"start":{"line":15,"column":39},"end":{"line":29,"column":6}},"locations":[{"start":{"line":15,"column":39},"end":{"line":29,"column":6}}]},"16":{"type":"branch","line":17,"loc":{"start":{"line":17,"column":29},"end":{"line":17,"column":48}},"locations":[{"start":{"line":17,"column":29},"end":{"line":17,"column":48}}]},"17":{"type":"branch","line":40,"loc":{"start":{"line":40,"column":34},"end":{"line":40,"column":43}},"locations":[{"start":{"line":40,"column":34},"end":{"line":40,"column":43}}]},"18":{"type":"branch","line":68,"loc":{"start":{"line":68,"column":26},"end":{"line":68,"column":61}},"locations":[{"start":{"line":68,"column":26},"end":{"line":68,"column":61}}]}},"b":{"0":[6],"1":[6],"2":[6],"3":[1],"4":[5],"5":[4],"6":[1],"7":[4],"8":[3],"9":[4],"10":[1],"11":[1],"12":[1],"13":[1],"14":[4],"15":[5],"16":[1],"17":[4],"18":[1]},"fnMap":{"0":{"name":"<instance_members_initializer>","decl":{"start":{"line":5,"column":66},"end":{"line":93,"column":1}},"loc":{"start":{"line":5,"column":66},"end":{"line":93,"column":1}},"line":5},"1":{"name":"MemoryStoragePostprocessor","decl":{"start":{"line":8,"column":2},"end":{"line":8,"column":89}},"loc":{"start":{"line":8,"column":2},"end":{"line":8,"column":89}},"line":8},"2":{"name":"process","decl":{"start":{"line":10,"column":2},"end":{"line":92,"column":3}},"loc":{"start":{"line":10,"column":2},"end":{"line":92,"column":3}},"line":10}},"f":{"0":6,"1":6,"2":6}}
,"C:\\Users\\ijain\\AIOS\\packages\\core\\src\\telemetry.ts": {"path":"C:\\Users\\ijain\\AIOS\\packages\\core\\src\\telemetry.ts","all":false,"statementMap":{"0":{"start":{"line":1,"column":0},"end":{"line":1,"column":29}},"1":{"start":{"line":2,"column":0},"end":{"line":2,"column":25}},"2":{"start":{"line":3,"column":0},"end":{"line":3,"column":25}},"3":{"start":{"line":4,"column":0},"end":{"line":4,"column":0}},"4":{"start":{"line":5,"column":0},"end":{"line":5,"column":69}},"5":{"start":{"line":6,"column":0},"end":{"line":6,"column":0}},"6":{"start":{"line":7,"column":0},"end":{"line":7,"column":33}},"7":{"start":{"line":8,"column":0},"end":{"line":8,"column":13}},"8":{"start":{"line":9,"column":0},"end":{"line":9,"column":20}},"9":{"start":{"line":10,"column":0},"end":{"line":10,"column":61}},"10":{"start":{"line":11,"column":0},"end":{"line":11,"column":18}},"11":{"start":{"line":12,"column":0},"end":{"line":12,"column":18}},"12":{"start":{"line":13,"column":0},"end":{"line":13,"column":13}},"13":{"start":{"line":14,"column":0},"end":{"line":14,"column":1}},"14":{"start":{"line":15,"column":0},"end":{"line":15,"column":0}},"15":{"start":{"line":16,"column":0},"end":{"line":16,"column":34}},"16":{"start":{"line":17,"column":0},"end":{"line":17,"column":19}},"17":{"start":{"line":18,"column":0},"end":{"line":18,"column":16}},"18":{"start":{"line":19,"column":0},"end":{"line":19,"column":17}},"19":{"start":{"line":20,"column":0},"end":{"line":20,"column":20}},"20":{"start":{"line":21,"column":0},"end":{"line":21,"column":21}},"21":{"start":{"line":22,"column":0},"end":{"line":22,"column":18}},"22":{"start":{"line":23,"column":0},"end":{"line":23,"column":17}},"23":{"start":{"line":24,"column":0},"end":{"line":24,"column":26}},"24":{"start":{"line":25,"column":0},"end":{"line":25,"column":27}},"25":{"start":{"line":26,"column":0},"end":{"line":26,"column":1}},"26":{"start":{"line":27,"column":0},"end":{"line":27,"column":0}},"27":{"start":{"line":28,"column":0},"end":{"line":28,"column":30}},"28":{"start":{"line":29,"column":0},"end":{"line":29,"column":43}},"29":{"start":{"line":30,"column":0},"end":{"line":30,"column":27}},"30":{"start":{"line":31,"column":0},"end":{"line":31,"column":44}},"31":{"start":{"line":32,"column":0},"end":{"line":32,"column":75}},"32":{"start":{"line":33,"column":0},"end":{"line":33,"column":38}},"33":{"start":{"line":34,"column":0},"end":{"line":34,"column":2}},"34":{"start":{"line":35,"column":0},"end":{"line":35,"column":52}},"35":{"start":{"line":36,"column":0},"end":{"line":36,"column":15}},"36":{"start":{"line":37,"column":0},"end":{"line":37,"column":15}},"37":{"start":{"line":38,"column":0},"end":{"line":38,"column":14}},"38":{"start":{"line":39,"column":0},"end":{"line":39,"column":14}},"39":{"start":{"line":40,"column":0},"end":{"line":40,"column":15}},"40":{"start":{"line":41,"column":0},"end":{"line":41,"column":4}},"41":{"start":{"line":42,"column":0},"end":{"line":42,"column":0}},"42":{"start":{"line":43,"column":0},"end":{"line":43,"column":25}},"43":{"start":{"line":44,"column":0},"end":{"line":44,"column":29}},"44":{"start":{"line":45,"column":0},"end":{"line":45,"column":9}},"45":{"start":{"line":46,"column":0},"end":{"line":46,"column":42}},"46":{"start":{"line":47,"column":0},"end":{"line":47,"column":45}},"47":{"start":{"line":48,"column":0},"end":{"line":48,"column":13}},"48":{"start":{"line":49,"column":0},"end":{"line":49,"column":54}},"49":{"start":{"line":50,"column":0},"end":{"line":50,"column":5}},"50":{"start":{"line":51,"column":0},"end":{"line":51,"column":0}},"51":{"start":{"line":52,"column":0},"end":{"line":52,"column":39}},"52":{"start":{"line":53,"column":0},"end":{"line":53,"column":54}},"53":{"start":{"line":54,"column":0},"end":{"line":54,"column":5}},"54":{"start":{"line":55,"column":0},"end":{"line":55,"column":0}},"55":{"start":{"line":56,"column":0},"end":{"line":56,"column":61}},"56":{"start":{"line":57,"column":0},"end":{"line":57,"column":4}},"57":{"start":{"line":58,"column":0},"end":{"line":58,"column":36}},"58":{"start":{"line":59,"column":0},"end":{"line":59,"column":9}},"59":{"start":{"line":60,"column":0},"end":{"line":60,"column":41}},"60":{"start":{"line":61,"column":0},"end":{"line":61,"column":49}},"61":{"start":{"line":62,"column":0},"end":{"line":62,"column":44}},"62":{"start":{"line":63,"column":0},"end":{"line":63,"column":63}},"63":{"start":{"line":64,"column":0},"end":{"line":64,"column":9}},"64":{"start":{"line":65,"column":0},"end":{"line":65,"column":7}},"65":{"start":{"line":66,"column":0},"end":{"line":66,"column":17}},"66":{"start":{"line":67,"column":0},"end":{"line":67,"column":15}},"67":{"start":{"line":68,"column":0},"end":{"line":68,"column":5}},"68":{"start":{"line":69,"column":0},"end":{"line":69,"column":3}},"69":{"start":{"line":70,"column":0},"end":{"line":70,"column":0}},"70":{"start":{"line":71,"column":0},"end":{"line":71,"column":48}},"71":{"start":{"line":72,"column":0},"end":{"line":72,"column":36}},"72":{"start":{"line":73,"column":0},"end":{"line":73,"column":55}},"73":{"start":{"line":74,"column":0},"end":{"line":74,"column":5}},"74":{"start":{"line":75,"column":0},"end":{"line":75,"column":36}},"75":{"start":{"line":76,"column":0},"end":{"line":76,"column":3}},"76":{"start":{"line":77,"column":0},"end":{"line":77,"column":0}},"77":{"start":{"line":78,"column":0},"end":{"line":78,"column":36}},"78":{"start":{"line":79,"column":0},"end":{"line":79,"column":26}},"79":{"start":{"line":80,"column":0},"end":{"line":80,"column":3}},"80":{"start":{"line":81,"column":0},"end":{"line":81,"column":0}},"81":{"start":{"line":82,"column":0},"end":{"line":82,"column":47}},"82":{"start":{"line":83,"column":0},"end":{"line":83,"column":72}},"83":{"start":{"line":84,"column":0},"end":{"line":84,"column":3}},"84":{"start":{"line":85,"column":0},"end":{"line":85,"column":0}},"85":{"start":{"line":86,"column":0},"end":{"line":86,"column":97}},"86":{"start":{"line":87,"column":0},"end":{"line":87,"column":39}},"87":{"start":{"line":88,"column":0},"end":{"line":88,"column":0}},"88":{"start":{"line":89,"column":0},"end":{"line":89,"column":35}},"89":{"start":{"line":90,"column":0},"end":{"line":90,"column":53}},"90":{"start":{"line":91,"column":0},"end":{"line":91,"column":28}},"91":{"start":{"line":92,"column":0},"end":{"line":92,"column":11}},"92":{"start":{"line":93,"column":0},"end":{"line":93,"column":12}},"93":{"start":{"line":94,"column":0},"end":{"line":94,"column":14}},"94":{"start":{"line":95,"column":0},"end":{"line":95,"column":10}},"95":{"start":{"line":96,"column":0},"end":{"line":96,"column":6}},"96":{"start":{"line":97,"column":0},"end":{"line":97,"column":0}},"97":{"start":{"line":98,"column":0},"end":{"line":98,"column":30}},"98":{"start":{"line":99,"column":0},"end":{"line":99,"column":35}},"99":{"start":{"line":100,"column":0},"end":{"line":100,"column":56}},"100":{"start":{"line":101,"column":0},"end":{"line":101,"column":28}},"101":{"start":{"line":102,"column":0},"end":{"line":102,"column":5}},"102":{"start":{"line":103,"column":0},"end":{"line":103,"column":0}},"103":{"start":{"line":104,"column":0},"end":{"line":104,"column":22}},"104":{"start":{"line":105,"column":0},"end":{"line":105,"column":9}},"105":{"start":{"line":106,"column":0},"end":{"line":106,"column":48}},"106":{"start":{"line":107,"column":0},"end":{"line":107,"column":53}},"107":{"start":{"line":108,"column":0},"end":{"line":108,"column":17}},"108":{"start":{"line":109,"column":0},"end":{"line":109,"column":50}},"109":{"start":{"line":110,"column":0},"end":{"line":110,"column":5}},"110":{"start":{"line":111,"column":0},"end":{"line":111,"column":3}},"111":{"start":{"line":112,"column":0},"end":{"line":112,"column":0}},"112":{"start":{"line":113,"column":0},"end":{"line":113,"column":47}},"113":{"start":{"line":114,"column":0},"end":{"line":114,"column":85}},"114":{"start":{"line":115,"column":0},"end":{"line":115,"column":3}},"115":{"start":{"line":116,"column":0},"end":{"line":116,"column":0}},"116":{"start":{"line":117,"column":0},"end":{"line":117,"column":50}},"117":{"start":{"line":118,"column":0},"end":{"line":118,"column":53}},"118":{"start":{"line":119,"column":0},"end":{"line":119,"column":3}},"119":{"start":{"line":120,"column":0},"end":{"line":120,"column":0}},"120":{"start":{"line":121,"column":0},"end":{"line":121,"column":62}},"121":{"start":{"line":122,"column":0},"end":{"line":122,"column":64}},"122":{"start":{"line":123,"column":0},"end":{"line":123,"column":3}},"123":{"start":{"line":124,"column":0},"end":{"line":124,"column":0}},"124":{"start":{"line":125,"column":0},"end":{"line":125,"column":67}},"125":{"start":{"line":126,"column":0},"end":{"line":126,"column":70}},"126":{"start":{"line":127,"column":0},"end":{"line":127,"column":3}},"127":{"start":{"line":128,"column":0},"end":{"line":128,"column":0}},"128":{"start":{"line":129,"column":0},"end":{"line":129,"column":75}},"129":{"start":{"line":130,"column":0},"end":{"line":130,"column":51}},"130":{"start":{"line":131,"column":0},"end":{"line":131,"column":3}},"131":{"start":{"line":132,"column":0},"end":{"line":132,"column":0}},"132":{"start":{"line":133,"column":0},"end":{"line":133,"column":80}},"133":{"start":{"line":134,"column":0},"end":{"line":134,"column":30}},"134":{"start":{"line":135,"column":0},"end":{"line":135,"column":15}},"135":{"start":{"line":136,"column":0},"end":{"line":136,"column":45}},"136":{"start":{"line":137,"column":0},"end":{"line":137,"column":5}},"137":{"start":{"line":138,"column":0},"end":{"line":138,"column":31}},"138":{"start":{"line":139,"column":0},"end":{"line":139,"column":3}},"139":{"start":{"line":140,"column":0},"end":{"line":140,"column":2}},"140":{"start":{"line":141,"column":0},"end":{"line":141,"column":22}},"141":{"start":{"line":142,"column":0},"end":{"line":142,"column":25}},"142":{"start":{"line":143,"column":0},"end":{"line":143,"column":9}},"143":{"start":{"line":144,"column":0},"end":{"line":144,"column":41}},"144":{"start":{"line":145,"column":0},"end":{"line":145,"column":37}},"145":{"start":{"line":146,"column":0},"end":{"line":146,"column":7}},"146":{"start":{"line":147,"column":0},"end":{"line":147,"column":18}},"147":{"start":{"line":148,"column":0},"end":{"line":148,"column":3}},"148":{"start":{"line":149,"column":0},"end":{"line":149,"column":1}}},"s":{"0":1,"1":1,"2":1,"3":1,"4":1,"5":1,"6":1,"7":1,"8":1,"9":1,"10":1,"11":1,"12":1,"13":1,"14":1,"15":1,"16":1,"17":1,"18":1,"19":1,"20":1,"21":1,"22":1,"23":1,"24":1,"25":1,"26":1,"27":1,"28":11,"29":11,"30":11,"31":11,"32":11,"33":11,"34":11,"35":11,"36":11,"37":11,"38":11,"39":11,"40":11,"41":11,"42":11,"43":9,"44":9,"45":9,"46":9,"47":9,"48":9,"49":9,"50":9,"51":9,"52":0,"53":0,"54":9,"55":9,"56":9,"57":9,"58":9,"59":9,"60":0,"61":0,"62":0,"63":0,"64":0,"65":9,"66":0,"67":0,"68":9,"69":11,"70":11,"71":10,"72":9,"73":9,"74":10,"75":10,"76":11,"77":11,"78":2,"79":2,"80":11,"81":11,"82":1015,"83":1015,"84":11,"85":11,"86":1015,"87":1013,"88":1013,"89":1013,"90":1013,"91":1013,"92":1013,"93":1013,"94":1013,"95":1013,"96":1013,"97":1013,"98":1013,"99":1015,"100":5,"101":5,"102":1013,"103":1013,"104":1013,"105":1013,"106":1013,"107":1015,"108":0,"109":0,"110":1015,"111":11,"112":11,"113":1,"114":1,"115":11,"116":11,"117":2,"118":2,"119":11,"120":11,"121":2,"122":2,"123":11,"124":11,"125":1,"126":1,"127":11,"128":11,"129":1009,"130":1009,"131":11,"132":11,"133":8,"134":8,"135":1,"136":1,"137":8,"138":8,"139":11,"140":11,"141":18,"142":18,"143":18,"144":8,"145":8,"146":18,"147":18,"148":11},"branchMap":{"0":{"type":"branch","line":28,"loc":{"start":{"line":28,"column":29},"end":{"line":149,"column":1}},"locations":[{"start":{"line":28,"column":29},"end":{"line":149,"column":1}}]},"1":{"type":"branch","line":43,"loc":{"start":{"line":43,"column":10},"end":{"line":69,"column":3}},"locations":[{"start":{"line":43,"column":10},"end":{"line":69,"column":3}}]},"2":{"type":"branch","line":52,"loc":{"start":{"line":52,"column":38},"end":{"line":54,"column":5}},"locations":[{"start":{"line":52,"column":38},"end":{"line":54,"column":5}}]},"3":{"type":"branch","line":60,"loc":{"start":{"line":60,"column":40},"end":{"line":65,"column":7}},"locations":[{"start":{"line":60,"column":40},"end":{"line":65,"column":7}}]},"4":{"type":"branch","line":66,"loc":{"start":{"line":66,"column":4},"end":{"line":68,"column":5}},"locations":[{"start":{"line":66,"column":4},"end":{"line":68,"column":5}}]},"5":{"type":"branch","line":71,"loc":{"start":{"line":71,"column":16},"end":{"line":76,"column":3}},"locations":[{"start":{"line":71,"column":16},"end":{"line":76,"column":3}}]},"6":{"type":"branch","line":72,"loc":{"start":{"line":72,"column":35},"end":{"line":74,"column":5}},"locations":[{"start":{"line":72,"column":35},"end":{"line":74,"column":5}}]},"7":{"type":"branch","line":78,"loc":{"start":{"line":78,"column":9},"end":{"line":80,"column":3}},"locations":[{"start":{"line":78,"column":9},"end":{"line":80,"column":3}}]},"8":{"type":"branch","line":82,"loc":{"start":{"line":82,"column":10},"end":{"line":84,"column":3}},"locations":[{"start":{"line":82,"column":10},"end":{"line":84,"column":3}}]},"9":{"type":"branch","line":86,"loc":{"start":{"line":86,"column":10},"end":{"line":111,"column":3}},"locations":[{"start":{"line":86,"column":10},"end":{"line":111,"column":3}}]},"10":{"type":"branch","line":87,"loc":{"start":{"line":87,"column":32},"end":{"line":87,"column":39}},"locations":[{"start":{"line":87,"column":32},"end":{"line":87,"column":39}}]},"11":{"type":"branch","line":87,"loc":{"start":{"line":87,"column":32},"end":{"line":100,"column":55}},"locations":[{"start":{"line":87,"column":32},"end":{"line":100,"column":55}}]},"12":{"type":"branch","line":100,"loc":{"start":{"line":100,"column":55},"end":{"line":102,"column":5}},"locations":[{"start":{"line":100,"column":55},"end":{"line":102,"column":5}}]},"13":{"type":"branch","line":102,"loc":{"start":{"line":102,"column":4},"end":{"line":108,"column":13}},"locations":[{"start":{"line":102,"column":4},"end":{"line":108,"column":13}}]},"14":{"type":"branch","line":108,"loc":{"start":{"line":108,"column":4},"end":{"line":110,"column":5}},"locations":[{"start":{"line":108,"column":4},"end":{"line":110,"column":5}}]},"15":{"type":"branch","line":113,"loc":{"start":{"line":113,"column":9},"end":{"line":115,"column":3}},"locations":[{"start":{"line":113,"column":9},"end":{"line":115,"column":3}}]},"16":{"type":"branch","line":117,"loc":{"start":{"line":117,"column":9},"end":{"line":119,"column":3}},"locations":[{"start":{"line":117,"column":9},"end":{"line":119,"column":3}}]},"17":{"type":"branch","line":121,"loc":{"start":{"line":121,"column":9},"end":{"line":123,"column":3}},"locations":[{"start":{"line":121,"column":9},"end":{"line":123,"column":3}}]},"18":{"type":"branch","line":125,"loc":{"start":{"line":125,"column":9},"end":{"line":127,"column":3}},"locations":[{"start":{"line":125,"column":9},"end":{"line":127,"column":3}}]},"19":{"type":"branch","line":129,"loc":{"start":{"line":129,"column":9},"end":{"line":131,"column":3}},"locations":[{"start":{"line":129,"column":9},"end":{"line":131,"column":3}}]},"20":{"type":"branch","line":133,"loc":{"start":{"line":133,"column":9},"end":{"line":139,"column":3}},"locations":[{"start":{"line":133,"column":9},"end":{"line":139,"column":3}}]},"21":{"type":"branch","line":135,"loc":{"start":{"line":135,"column":14},"end":{"line":137,"column":5}},"locations":[{"start":{"line":135,"column":14},"end":{"line":137,"column":5}}]},"22":{"type":"branch","line":136,"loc":{"start":{"line":136,"column":23},"end":{"line":136,"column":43}},"locations":[{"start":{"line":136,"column":23},"end":{"line":136,"column":43}}]},"23":{"type":"branch","line":141,"loc":{"start":{"line":141,"column":9},"end":{"line":148,"column":3}},"locations":[{"start":{"line":141,"column":9},"end":{"line":148,"column":3}}]},"24":{"type":"branch","line":144,"loc":{"start":{"line":144,"column":40},"end":{"line":146,"column":7}},"locations":[{"start":{"line":144,"column":40},"end":{"line":146,"column":7}}]},"25":{"type":"branch","line":147,"loc":{"start":{"line":147,"column":4},"end":{"line":147,"column":18}},"locations":[{"start":{"line":147,"column":4},"end":{"line":147,"column":18}}]}},"b":{"0":[11],"1":[9],"2":[0],"3":[0],"4":[0],"5":[10],"6":[9],"7":[2],"8":[1015],"9":[1015],"10":[2],"11":[1013],"12":[5],"13":[1013],"14":[0],"15":[1],"16":[2],"17":[2],"18":[1],"19":[1009],"20":[8],"21":[1],"22":[2],"23":[18],"24":[8],"25":[0]},"fnMap":{"0":{"name":"<instance_members_initializer>","decl":{"start":{"line":28,"column":29},"end":{"line":149,"column":1}},"loc":{"start":{"line":28,"column":29},"end":{"line":149,"column":1}},"line":28},"1":{"name":"TelemetryEngine","decl":{"start":{"line":43,"column":10},"end":{"line":69,"column":3}},"loc":{"start":{"line":43,"column":10},"end":{"line":69,"column":3}},"line":43},"2":{"name":"getInstance","decl":{"start":{"line":71,"column":16},"end":{"line":76,"column":3}},"loc":{"start":{"line":71,"column":16},"end":{"line":76,"column":3}},"line":71},"3":{"name":"setLevel","decl":{"start":{"line":78,"column":9},"end":{"line":80,"column":3}},"loc":{"start":{"line":78,"column":9},"end":{"line":80,"column":3}},"line":78},"4":{"name":"shouldLog","decl":{"start":{"line":82,"column":10},"end":{"line":84,"column":3}},"loc":{"start":{"line":82,"column":10},"end":{"line":84,"column":3}},"line":82},"5":{"name":"appendLog","decl":{"start":{"line":86,"column":10},"end":{"line":111,"column":3}},"loc":{"start":{"line":86,"column":10},"end":{"line":111,"column":3}},"line":86},"6":{"name":"logRequest","decl":{"start":{"line":113,"column":9},"end":{"line":115,"column":3}},"loc":{"start":{"line":113,"column":9},"end":{"line":115,"column":3}},"line":113},"7":{"name":"logCircuit","decl":{"start":{"line":117,"column":9},"end":{"line":119,"column":3}},"loc":{"start":{"line":117,"column":9},"end":{"line":119,"column":3}},"line":117},"8":{"name":"logCache","decl":{"start":{"line":121,"column":9},"end":{"line":123,"column":3}},"loc":{"start":{"line":121,"column":9},"end":{"line":123,"column":3}},"line":121},"9":{"name":"logError","decl":{"start":{"line":125,"column":9},"end":{"line":127,"column":3}},"loc":{"start":{"line":125,"column":9},"end":{"line":127,"column":3}},"line":125},"10":{"name":"logSystem","decl":{"start":{"line":129,"column":9},"end":{"line":131,"column":3}},"loc":{"start":{"line":129,"column":9},"end":{"line":131,"column":3}},"line":129},"11":{"name":"getRecentEvents","decl":{"start":{"line":133,"column":9},"end":{"line":139,"column":3}},"loc":{"start":{"line":133,"column":9},"end":{"line":139,"column":3}},"line":133},"12":{"name":"clearLogs","decl":{"start":{"line":141,"column":9},"end":{"line":148,"column":3}},"loc":{"start":{"line":141,"column":9},"end":{"line":148,"column":3}},"line":141}},"f":{"0":11,"1":9,"2":10,"3":2,"4":1015,"5":1015,"6":1,"7":2,"8":2,"9":1,"10":1009,"11":8,"12":18}}
}
