TN:
SF:src\document-pipeline.ts
FN:21,<instance_members_initializer>
FN:28,DocumentPipeline
FN:33,addPreprocessor
FN:37,setChunker
FN:41,setEmbeddingProvider
FN:45,addPostprocessor
FN:49,ingest
FN:95,process
FN:156,checkAbort
FN:162,emitEvent
FN:166,finalizeMetrics
FNF:11
FNH:11
FNDA:5,<instance_members_initializer>
FNDA:5,DocumentPipeline
FNDA:2,addPreprocessor
FNDA:1,setChunker
FNDA:1,setEmbeddingProvider
FNDA:1,addPostprocessor
FNDA:5,ingest
FNDA:5,process
FNDA:21,checkAbort
FNDA:14,emitEvent
FNDA:14,finalizeMetrics
DA:1,1
DA:2,1
DA:3,1
DA:4,1
DA:5,1
DA:6,1
DA:7,1
DA:8,1
DA:9,1
DA:10,1
DA:11,1
DA:12,1
DA:13,1
DA:14,1
DA:15,1
DA:16,1
DA:17,1
DA:18,1
DA:19,1
DA:20,1
DA:21,1
DA:22,5
DA:23,5
DA:24,5
DA:25,5
DA:26,5
DA:27,5
DA:28,5
DA:29,5
DA:30,5
DA:31,5
DA:32,5
DA:33,5
DA:34,2
DA:35,2
DA:36,5
DA:37,5
DA:38,1
DA:39,1
DA:40,5
DA:41,5
DA:42,1
DA:43,1
DA:44,5
DA:45,5
DA:46,1
DA:47,1
DA:48,5
DA:49,5
DA:50,5
DA:51,5
DA:52,5
DA:53,5
DA:54,5
DA:55,5
DA:56,5
DA:57,5
DA:58,5
DA:59,5
DA:60,5
DA:61,5
DA:62,5
DA:63,5
DA:64,5
DA:65,5
DA:66,5
DA:67,5
DA:68,5
DA:69,5
DA:70,5
DA:71,5
DA:72,5
DA:73,5
DA:74,5
DA:75,5
DA:76,5
DA:77,5
DA:78,5
DA:79,5
DA:80,5
DA:81,5
DA:82,5
DA:83,5
DA:84,5
DA:85,5
DA:86,5
DA:87,5
DA:88,4
DA:89,5
DA:90,1
DA:91,1
DA:92,1
DA:93,5
DA:94,5
DA:95,5
DA:96,5
DA:97,5
DA:98,5
DA:99,5
DA:100,5
DA:101,2
DA:102,2
DA:103,2
DA:104,5
DA:105,5
DA:106,5
DA:107,5
DA:108,5
DA:109,5
DA:110,5
DA:111,5
DA:112,5
DA:113,5
DA:114,5
DA:115,5
DA:116,5
DA:117,5
DA:118,5
DA:119,5
DA:120,5
DA:121,5
DA:122,5
DA:123,5
DA:124,1
DA:125,5
DA:126,3
DA:127,3
DA:128,3
DA:129,4
DA:130,4
DA:131,4
DA:132,4
DA:133,4
DA:134,4
DA:135,4
DA:136,4
DA:137,4
DA:138,4
DA:139,4
DA:140,4
DA:141,4
DA:142,4
DA:143,4
DA:144,5
DA:145,1
DA:146,1
DA:147,4
DA:148,4
DA:149,4
DA:150,5
DA:151,1
DA:152,1
DA:153,1
DA:154,5
DA:155,5
DA:156,5
DA:157,21
DA:158,1
DA:159,1
DA:160,21
DA:161,5
DA:162,5
DA:163,14
DA:164,14
DA:165,5
DA:166,5
DA:167,14
DA:168,14
DA:169,14
DA:170,14
DA:171,14
DA:172,14
DA:173,14
DA:174,5
LF:174
LH:174
BRDA:21,0,0,5
BRDA:28,1,0,5
BRDA:33,2,0,2
BRDA:37,3,0,1
BRDA:41,4,0,1
BRDA:45,5,0,1
BRDA:49,6,0,5
BRDA:72,7,0,4
BRDA:87,8,0,4
BRDA:89,9,0,1
BRDA:95,10,0,5
BRDA:100,11,0,2
BRDA:105,12,0,4
BRDA:123,13,0,1
BRDA:125,14,0,3
BRDA:128,15,0,4
BRDA:144,16,0,1
BRDA:146,17,0,4
BRDA:150,18,0,1
BRDA:153,19,0,4
BRDA:156,20,0,21
BRDA:157,21,0,1
BRDA:162,22,0,14
BRDA:166,23,0,14
BRDA:169,24,0,3
BRF:25
BRH:25
end_of_record
TN:
SF:src\index.ts
FNF:0
FNH:0
DA:1,1
DA:2,1
DA:3,1
DA:4,1
DA:5,1
DA:6,1
DA:7,1
DA:8,1
DA:9,1
DA:10,1
DA:11,1
DA:12,1
DA:13,1
DA:14,1
DA:15,1
DA:16,1
DA:17,1
LF:17
LH:17
BRF:0
BRH:0
end_of_record
TN:
SF:src\logger.ts
FN:4,<instance_members_initializer>
FN:8,CoreLogger
FN:14,getInstance
FN:21,info
FN:25,warn
FN:29,error
FN:33,debug
FNF:7
FNH:7
FNDA:7,<instance_members_initializer>
FNDA:5,CoreLogger
FNDA:6,getInstance
FNDA:1,info
FNDA:1,warn
FNDA:1,error
FNDA:1,debug
DA:1,1
DA:2,1
DA:3,1
DA:4,1
DA:5,7
DA:6,7
DA:7,7
DA:8,7
DA:9,5
DA:10,5
DA:11,5
DA:12,5
DA:13,7
DA:14,7
DA:15,6
DA:16,5
DA:17,5
DA:18,6
DA:19,6
DA:20,7
DA:21,7
DA:22,1
DA:23,1
DA:24,7
DA:25,7
DA:26,1
DA:27,1
DA:28,7
DA:29,7
DA:30,1
DA:31,1
DA:32,7
DA:33,7
DA:34,1
DA:35,1
DA:36,7
LF:36
LH:36
BRDA:4,0,0,7
BRDA:8,1,0,5
BRDA:14,2,0,6
BRDA:15,3,0,5
BRDA:21,4,0,1
BRDA:25,5,0,1
BRDA:29,6,0,1
BRDA:33,7,0,1
BRF:8
BRH:8
end_of_record
TN:
SF:src\memory-operations.ts
FN:7,MemoryOperations
FN:9,saveTypedMemory
FN:23,searchTyped
FN:40,savePreference
FN:45,saveNote
FN:49,saveProjectContext
FN:53,savePersonInfo
FN:57,getGlobalPreferences
FNF:8
FNH:8
FNDA:9,MemoryOperations
FNDA:6,saveTypedMemory
FNDA:3,searchTyped
FNDA:1,savePreference
FNDA:1,saveNote
FNDA:1,saveProjectContext
FNDA:1,savePersonInfo
FNDA:1,getGlobalPreferences
DA:1,1
DA:2,1
DA:3,1
DA:4,1
DA:5,1
DA:6,1
DA:7,1
DA:8,1
DA:9,1
DA:10,6
DA:11,6
DA:12,6
DA:13,6
DA:14,6
DA:15,6
DA:16,6
DA:17,6
DA:18,6
DA:19,6
DA:20,6
DA:21,6
DA:22,1
DA:23,1
DA:24,3
DA:25,3
DA:26,3
DA:27,3
DA:28,3
DA:29,3
DA:30,3
DA:31,3
DA:32,3
DA:33,3
DA:34,3
DA:35,3
DA:36,3
DA:37,3
DA:38,3
DA:39,1
DA:40,1
DA:41,1
DA:42,1
DA:43,1
DA:44,1
DA:45,1
DA:46,1
DA:47,1
DA:48,1
DA:49,1
DA:50,1
DA:51,1
DA:52,1
DA:53,1
DA:54,1
DA:55,1
DA:56,1
DA:57,1
DA:58,1
DA:59,1
DA:60,1
LF:60
LH:60
BRDA:7,0,0,9
BRDA:9,1,0,6
BRDA:23,2,0,3
BRDA:40,3,0,1
BRDA:45,4,0,1
BRDA:49,5,0,1
BRDA:53,6,0,1
BRDA:57,7,0,1
BRF:8
BRH:8
end_of_record
TN:
SF:src\metrics.ts
FN:3,<instance_members_initializer>
FN:7,MetricsCollector
FN:19,getInstance
FN:26,registerMetric
FN:36,increment
FN:45,set
FN:53,observe
FN:68,renderExposition
FN:82,serializeLabels
FNF:9
FNH:9
FNDA:8,<instance_members_initializer>
FNDA:6,MetricsCollector
FNDA:7,getInstance
FNDA:58,registerMetric
FNDA:16,increment
FNDA:3,set
FNDA:2,observe
FNDA:4,renderExposition
FNDA:17,serializeLabels
DA:1,1
DA:2,1
DA:3,1
DA:4,8
DA:5,8
DA:6,8
DA:7,8
DA:8,6
DA:9,6
DA:10,6
DA:11,6
DA:12,6
DA:13,6
DA:14,6
DA:15,6
DA:16,6
DA:17,6
DA:18,8
DA:19,8
DA:20,7
DA:21,6
DA:22,6
DA:23,7
DA:24,7
DA:25,8
DA:26,8
DA:27,58
DA:28,25
DA:29,25
DA:30,25
DA:31,58
DA:32,33
DA:33,33
DA:34,58
DA:35,8
DA:36,8
DA:37,16
DA:38,16
DA:39,15
DA:40,15
DA:41,16
DA:42,16
DA:43,16
DA:44,8
DA:45,8
DA:46,3
DA:47,3
DA:48,2
DA:49,2
DA:50,2
DA:51,3
DA:52,8
DA:53,8
DA:54,2
DA:55,2
DA:56,12
DA:57,8
DA:58,8
DA:59,8
DA:60,12
DA:61,2
DA:62,2
DA:63,2
DA:64,8
DA:65,8
DA:66,8
DA:67,8
DA:68,8
DA:69,4
DA:70,4
DA:71,74
DA:72,74
DA:73,74
DA:74,74
DA:75,10
DA:76,10
DA:77,74
DA:78,74
DA:79,4
DA:80,4
DA:81,8
DA:82,8
DA:83,17
DA:84,17
DA:85,16
DA:86,16
DA:87,17
DA:88,8
LF:88
LH:88
BRDA:3,0,0,8
BRDA:7,1,0,6
BRDA:19,2,0,7
BRDA:20,3,0,6
BRDA:26,4,0,58
BRDA:27,5,0,25
BRDA:31,6,0,33
BRDA:36,7,0,16
BRDA:38,8,0,1
BRDA:38,9,0,15
BRDA:41,10,0,9
BRDA:45,11,0,3
BRDA:47,12,0,1
BRDA:47,13,0,2
BRDA:53,14,0,2
BRDA:55,15,0,12
BRDA:56,16,0,8
BRDA:57,17,0,2
BRDA:57,18,0,6
BRDA:68,19,0,4
BRDA:70,20,0,74
BRDA:74,21,0,10
BRDA:82,22,0,17
BRDA:84,23,0,1
BRDA:84,24,0,16
BRDA:85,25,0,24
BRF:26
BRH:26
end_of_record
TN:
SF:src\storage-postprocessor.ts
FN:5,<instance_members_initializer>
FN:8,MemoryStoragePostprocessor
FN:10,process
FNF:3
FNH:3
FNDA:6,<instance_members_initializer>
FNDA:6,MemoryStoragePostprocessor
FNDA:6,process
DA:1,1
DA:2,1
DA:3,1
DA:4,1
DA:5,1
DA:6,6
DA:7,6
DA:8,6
DA:9,6
DA:10,6
DA:11,6
DA:12,1
DA:13,1
DA:14,5
DA:15,5
DA:16,5
DA:17,5
DA:18,5
DA:19,5
DA:20,5
DA:21,5
DA:22,5
DA:23,5
DA:24,5
DA:25,5
DA:26,5
DA:27,5
DA:28,5
DA:29,5
DA:30,5
DA:31,5
DA:32,5
DA:33,5
DA:34,5
DA:35,6
DA:36,1
DA:37,1
DA:38,1
DA:39,4
DA:40,4
DA:41,4
DA:42,4
DA:43,4
DA:44,4
DA:45,4
DA:46,4
DA:47,4
DA:48,4
DA:49,4
DA:50,4
DA:51,4
DA:52,4
DA:53,4
DA:54,4
DA:55,4
DA:56,4
DA:57,4
DA:58,4
DA:59,4
DA:60,4
DA:61,4
DA:62,4
DA:63,4
DA:64,4
DA:65,4
DA:66,3
DA:67,6
DA:68,1
DA:69,1
DA:70,1
DA:71,1
DA:72,6
DA:73,1
DA:74,1
DA:75,4
DA:76,4
DA:77,4
DA:78,4
DA:79,4
DA:80,4
DA:81,4
DA:82,4
DA:83,4
DA:84,4
DA:85,4
DA:86,4
DA:87,4
DA:88,4
DA:89,4
DA:90,4
DA:91,4
DA:92,6
DA:93,6
LF:93
LH:93
BRDA:5,0,0,6
BRDA:8,1,0,6
BRDA:10,2,0,6
BRDA:11,3,0,1
BRDA:13,4,0,5
BRDA:34,5,0,4
BRDA:35,6,0,1
BRDA:38,7,0,4
BRDA:65,8,0,3
BRDA:67,9,0,4
BRDA:67,10,0,1
BRDA:67,11,0,1
BRDA:67,12,0,1
BRDA:72,13,0,1
BRDA:74,14,0,4
BRDA:15,15,0,5
BRDA:17,16,0,1
BRDA:40,17,0,4
BRDA:68,18,0,1
BRF:19
BRH:19
end_of_record
TN:
SF:src\telemetry.ts
FN:28,<instance_members_initializer>
FN:43,TelemetryEngine
FN:71,getInstance
FN:78,setLevel
FN:82,shouldLog
FN:86,appendLog
FN:113,logRequest
FN:117,logCircuit
FN:121,logCache
FN:125,logError
FN:129,logSystem
FN:133,getRecentEvents
FN:141,clearLogs
FNF:13
FNH:13
FNDA:11,<instance_members_initializer>
FNDA:9,TelemetryEngine
FNDA:10,getInstance
FNDA:2,setLevel
FNDA:1015,shouldLog
FNDA:1015,appendLog
FNDA:1,logRequest
FNDA:2,logCircuit
FNDA:2,logCache
FNDA:1,logError
FNDA:1009,logSystem
FNDA:8,getRecentEvents
FNDA:18,clearLogs
DA:1,1
DA:2,1
DA:3,1
DA:4,1
DA:5,1
DA:6,1
DA:7,1
DA:8,1
DA:9,1
DA:10,1
DA:11,1
DA:12,1
DA:13,1
DA:14,1
DA:15,1
DA:16,1
DA:17,1
DA:18,1
DA:19,1
DA:20,1
DA:21,1
DA:22,1
DA:23,1
DA:24,1
DA:25,1
DA:26,1
DA:27,1
DA:28,1
DA:29,11
DA:30,11
DA:31,11
DA:32,11
DA:33,11
DA:34,11
DA:35,11
DA:36,11
DA:37,11
DA:38,11
DA:39,11
DA:40,11
DA:41,11
DA:42,11
DA:43,11
DA:44,9
DA:45,9
DA:46,9
DA:47,9
DA:48,9
DA:49,9
DA:50,9
DA:51,9
DA:52,9
DA:53,0
DA:54,0
DA:55,9
DA:56,9
DA:57,9
DA:58,9
DA:59,9
DA:60,9
DA:61,0
DA:62,0
DA:63,0
DA:64,0
DA:65,0
DA:66,9
DA:67,0
DA:68,0
DA:69,9
DA:70,11
DA:71,11
DA:72,10
DA:73,9
DA:74,9
DA:75,10
DA:76,10
DA:77,11
DA:78,11
DA:79,2
DA:80,2
DA:81,11
DA:82,11
DA:83,1015
DA:84,1015
DA:85,11
DA:86,11
DA:87,1015
DA:88,1013
DA:89,1013
DA:90,1013
DA:91,1013
DA:92,1013
DA:93,1013
DA:94,1013
DA:95,1013
DA:96,1013
DA:97,1013
DA:98,1013
DA:99,1013
DA:100,1015
DA:101,5
DA:102,5
DA:103,1013
DA:104,1013
DA:105,1013
DA:106,1013
DA:107,1013
DA:108,1015
DA:109,0
DA:110,0
DA:111,1015
DA:112,11
DA:113,11
DA:114,1
DA:115,1
DA:116,11
DA:117,11
DA:118,2
DA:119,2
DA:120,11
DA:121,11
DA:122,2
DA:123,2
DA:124,11
DA:125,11
DA:126,1
DA:127,1
DA:128,11
DA:129,11
DA:130,1009
DA:131,1009
DA:132,11
DA:133,11
DA:134,8
DA:135,8
DA:136,1
DA:137,1
DA:138,8
DA:139,8
DA:140,11
DA:141,11
DA:142,18
DA:143,18
DA:144,18
DA:145,8
DA:146,8
DA:147,18
DA:148,18
DA:149,11
LF:149
LH:138
BRDA:28,0,0,11
BRDA:43,1,0,9
BRDA:52,2,0,0
BRDA:60,3,0,0
BRDA:66,4,0,0
BRDA:71,5,0,10
BRDA:72,6,0,9
BRDA:78,7,0,2
BRDA:82,8,0,1015
BRDA:86,9,0,1015
BRDA:87,10,0,2
BRDA:87,11,0,1013
BRDA:100,12,0,5
BRDA:102,13,0,1013
BRDA:108,14,0,0
BRDA:113,15,0,1
BRDA:117,16,0,2
BRDA:121,17,0,2
BRDA:125,18,0,1
BRDA:129,19,0,1009
BRDA:133,20,0,8
BRDA:135,21,0,1
BRDA:136,22,0,2
BRDA:141,23,0,18
BRDA:144,24,0,8
BRDA:147,25,0,0
BRF:26
BRH:21
end_of_record
