TN:
SF:src\index.ts
FN:1,(empty-report)
FNF:1
FNH:0
FNDA:0,(empty-report)
DA:1,0
LF:1
LH:0
BRDA:1,0,0,0
BRF:1
BRH:0
end_of_record
TN:
SF:src\manager.ts
FN:11,<instance_members_initializer>
FN:15,WorkspaceManager
FN:21,initSchema
FN:32,createWorkspace
FN:40,getActiveWorkspace
FNF:5
FNH:5
FNDA:4,<instance_members_initializer>
FNDA:4,WorkspaceManager
FNDA:4,initSchema
FNDA:1,createWorkspace
FNDA:3,getActiveWorkspace
DA:1,1
DA:2,1
DA:3,1
DA:4,1
DA:5,1
DA:6,1
DA:7,1
DA:8,1
DA:9,1
DA:10,1
DA:11,1
DA:12,4
DA:13,4
DA:14,4
DA:15,4
DA:16,4
DA:17,4
DA:18,4
DA:19,4
DA:20,4
DA:21,4
DA:22,4
DA:23,4
DA:24,4
DA:25,4
DA:26,4
DA:27,4
DA:28,4
DA:29,4
DA:30,4
DA:31,4
DA:32,4
DA:33,1
DA:34,1
DA:35,1
DA:36,1
DA:37,1
DA:38,1
DA:39,4
DA:40,4
DA:41,3
DA:42,3
DA:43,1
DA:44,1
DA:45,1
DA:46,1
DA:47,1
DA:48,1
DA:49,1
DA:50,1
DA:51,2
DA:52,3
DA:53,4
LF:53
LH:53
BRDA:11,0,0,4
BRDA:15,1,0,4
BRDA:21,2,0,4
BRDA:32,3,0,1
BRDA:40,4,0,3
BRDA:42,5,0,2
BRDA:42,6,0,1
BRDA:50,7,0,2
BRF:8
BRH:8
end_of_record
