TN:
SF:src\builder.ts
FN:6,<instance_members_initializer>
FN:14,GraphBuilder
FN:22,initSchema
FN:27,addNode
FN:44,addEdge
FN:52,parseSqlResult
FN:68,retrieveSemanticContext
FNF:7
FNH:7
FNDA:4,<instance_members_initializer>
FNDA:4,GraphBuilder
FNDA:4,initSchema
FNDA:1,addNode
FNDA:1,addEdge
FNDA:3,parseSqlResult
FNDA:1,retrieveSemanticContext
DA:1,1
DA:2,1
DA:3,1
DA:4,1
DA:5,1
DA:6,1
DA:7,4
DA:8,4
DA:9,4
DA:10,4
DA:11,4
DA:12,4
DA:13,4
DA:14,4
DA:15,4
DA:16,4
DA:17,4
DA:18,4
DA:19,4
DA:20,4
DA:21,4
DA:22,4
DA:23,4
DA:24,4
DA:25,4
DA:26,4
DA:27,4
DA:28,1
DA:29,1
DA:30,1
DA:31,1
DA:32,1
DA:33,1
DA:34,1
DA:35,1
DA:36,1
DA:37,1
DA:38,1
DA:39,1
DA:40,1
DA:41,1
DA:42,1
DA:43,4
DA:44,4
DA:45,1
DA:46,1
DA:47,1
DA:48,1
DA:49,1
DA:50,1
DA:51,4
DA:52,4
DA:53,3
DA:54,3
DA:55,3
DA:56,3
DA:57,3
DA:58,19
DA:59,3
DA:60,3
DA:61,3
DA:62,3
DA:63,4
DA:64,4
DA:65,4
DA:66,4
DA:67,4
DA:68,4
DA:69,1
DA:70,1
DA:71,1
DA:72,0
DA:73,0
DA:74,0
DA:75,1
DA:76,1
DA:77,1
DA:78,1
DA:79,1
DA:80,1
DA:81,1
DA:82,1
DA:83,0
DA:84,0
DA:85,1
DA:86,1
DA:87,1
DA:88,1
DA:89,1
DA:90,1
DA:91,1
DA:92,1
DA:93,2
DA:94,2
DA:95,2
DA:96,2
DA:97,2
DA:98,2
DA:99,2
DA:100,2
DA:101,2
DA:102,2
DA:103,2
DA:104,1
DA:105,1
DA:106,0
DA:107,0
DA:108,0
DA:109,1
DA:110,1
DA:111,1
DA:112,1
DA:113,1
DA:114,2
DA:115,2
DA:116,2
DA:117,2
DA:118,2
DA:119,2
DA:120,2
DA:121,2
DA:122,2
DA:123,2
DA:124,2
DA:125,2
DA:126,2
DA:127,2
DA:128,2
DA:129,2
DA:130,2
DA:131,2
DA:132,2
DA:133,2
DA:134,2
DA:135,1
DA:136,1
DA:137,1
DA:138,1
DA:139,1
DA:140,1
DA:141,1
DA:142,1
DA:143,1
DA:144,1
DA:145,1
DA:146,1
DA:147,10
DA:148,10
DA:149,10
DA:150,10
DA:151,20
DA:152,20
DA:153,19
DA:154,19
DA:155,19
DA:156,19
DA:157,19
DA:158,19
DA:159,20
DA:160,10
DA:161,10
DA:162,10
DA:163,10
DA:164,10
DA:165,10
DA:166,20
DA:167,20
DA:168,10
DA:169,1
DA:170,1
DA:171,1
DA:172,1
DA:173,1
DA:174,1
DA:175,1
DA:176,1
DA:177,1
DA:178,1
DA:179,1
DA:180,1
DA:181,1
DA:182,1
DA:183,1
DA:184,1
DA:185,1
DA:186,1
DA:187,1
DA:188,1
DA:189,1
DA:190,1
DA:191,1
DA:192,1
DA:193,1
DA:194,1
DA:195,1
DA:196,1
DA:197,1
DA:198,1
DA:199,1
DA:200,1
DA:201,1
DA:202,1
DA:203,1
DA:204,1
DA:205,1
DA:206,1
DA:207,4
LF:207
LH:199
BRDA:6,0,0,4
BRDA:14,1,0,4
BRDA:22,2,0,4
BRDA:27,3,0,1
BRDA:44,4,0,1
BRDA:52,5,0,3
BRDA:53,6,0,0
BRDA:55,7,0,3
BRDA:57,8,0,19
BRDA:68,9,0,1
BRDA:71,10,0,0
BRDA:71,11,0,0
BRDA:82,12,0,0
BRDA:92,13,0,2
BRDA:93,14,0,0
BRDA:103,15,0,1
BRDA:105,16,0,0
BRDA:131,17,0,1
BRDA:131,18,0,1
BRDA:146,19,0,10
BRDA:148,20,0,20
BRDA:150,21,0,20
BRDA:151,22,0,1
BRDA:152,23,0,19
BRDA:153,24,0,0
BRDA:162,25,0,1
BRDA:165,26,0,20
BRDA:79,27,0,1
BRDA:80,28,0,1
BRDA:94,29,0,2
BRDA:118,30,0,2
BRDA:174,31,0,1
BRDA:176,32,0,2
BRDA:179,33,0,1
BRDA:181,34,0,1
BRDA:185,35,0,1
BRDA:193,36,0,1
BRF:37
BRH:30
end_of_record
TN:
SF:src\extractor.ts
FN:1,(empty-report)
FNF:1
FNH:0
FNDA:0,(empty-report)
DA:1,0
DA:2,0
DA:3,0
DA:4,0
DA:5,0
DA:6,0
DA:7,0
DA:8,0
DA:9,0
DA:10,0
DA:11,0
DA:12,0
DA:13,0
DA:14,0
DA:15,0
DA:16,0
DA:17,0
DA:18,0
DA:19,0
LF:19
LH:0
BRDA:1,0,0,0
BRF:1
BRH:0
end_of_record
TN:
SF:src\index.ts
FN:1,(empty-report)
FNF:1
FNH:0
FNDA:0,(empty-report)
DA:1,0
DA:2,0
DA:3,0
LF:3
LH:0
BRDA:1,0,0,0
BRF:1
BRH:0
end_of_record
