TN:
SF:src\config-manager.ts
FN:251,<instance_members_initializer>
FN:252,getAll
FN:256,get
FN:260,set
FN:264,save
FN:268,reset
FN:277,ConfigManager
FN:296,0.1.0
FN:308,loadFromYaml
FN:324,get
FN:338,set
FN:354,notifyListeners
FN:365,on
FN:373,save
FN:383,reset
FN:390,getAll
FN:394,validate
FNF:17
FNH:17
FNDA:14,<instance_members_initializer>
FNDA:1,getAll
FNDA:1,get
FNDA:1,set
FNDA:1,save
FNDA:1,reset
FNDA:14,ConfigManager
FNDA:26,0.1.0
FNDA:14,loadFromYaml
FNDA:12,get
FNDA:8,set
FNDA:8,notifyListeners
FNDA:3,on
FNDA:5,save
FNDA:2,reset
FNDA:2,getAll
FNDA:2,validate
DA:1,1
DA:2,1
DA:3,1
DA:4,1
DA:5,1
DA:6,1
DA:7,1
DA:8,1
DA:9,1
DA:10,1
DA:11,1
DA:12,1
DA:13,1
DA:14,1
DA:15,1
DA:16,1
DA:17,1
DA:18,1
DA:19,1
DA:20,1
DA:21,1
DA:22,1
DA:23,1
DA:24,1
DA:25,1
DA:26,1
DA:27,1
DA:28,1
DA:29,1
DA:30,1
DA:31,1
DA:32,1
DA:33,1
DA:34,1
DA:35,1
DA:36,1
DA:37,1
DA:38,1
DA:39,1
DA:40,1
DA:41,1
DA:42,1
DA:43,1
DA:44,1
DA:45,1
DA:46,1
DA:47,1
DA:48,1
DA:49,1
DA:50,1
DA:51,1
DA:52,1
DA:53,1
DA:54,1
DA:55,1
DA:56,1
DA:57,1
DA:58,1
DA:59,1
DA:60,1
DA:61,1
DA:62,1
DA:63,1
DA:64,1
DA:65,1
DA:66,1
DA:67,1
DA:68,1
DA:69,1
DA:70,1
DA:71,1
DA:72,1
DA:73,1
DA:74,1
DA:75,1
DA:76,1
DA:77,1
DA:78,1
DA:79,1
DA:80,1
DA:81,1
DA:82,1
DA:83,1
DA:84,1
DA:85,1
DA:86,1
DA:87,1
DA:88,1
DA:89,1
DA:90,1
DA:91,1
DA:92,1
DA:93,1
DA:94,1
DA:95,1
DA:96,1
DA:97,1
DA:98,1
DA:99,1
DA:100,1
DA:101,1
DA:102,1
DA:103,1
DA:104,1
DA:105,1
DA:106,1
DA:107,1
DA:108,1
DA:109,1
DA:110,1
DA:111,1
DA:112,1
DA:113,1
DA:114,1
DA:115,1
DA:116,1
DA:117,1
DA:118,1
DA:119,1
DA:120,1
DA:121,1
DA:122,1
DA:123,1
DA:124,1
DA:125,1
DA:126,1
DA:127,1
DA:128,1
DA:129,1
DA:130,1
DA:131,1
DA:132,1
DA:133,1
DA:134,1
DA:135,1
DA:136,1
DA:137,1
DA:138,1
DA:139,1
DA:140,1
DA:141,1
DA:142,1
DA:143,1
DA:144,1
DA:145,1
DA:146,1
DA:147,1
DA:148,1
DA:149,1
DA:150,1
DA:151,1
DA:152,1
DA:153,1
DA:154,1
DA:155,1
DA:156,1
DA:157,1
DA:158,1
DA:159,1
DA:160,1
DA:161,1
DA:162,1
DA:163,1
DA:164,1
DA:165,1
DA:166,1
DA:167,1
DA:168,1
DA:169,1
DA:170,1
DA:171,1
DA:172,1
DA:173,1
DA:174,1
DA:175,1
DA:176,1
DA:177,1
DA:178,1
DA:179,1
DA:180,1
DA:181,1
DA:182,1
DA:183,1
DA:184,1
DA:185,1
DA:186,1
DA:187,1
DA:188,1
DA:189,1
DA:190,1
DA:191,1
DA:192,1
DA:193,1
DA:194,1
DA:195,1
DA:196,1
DA:197,1
DA:198,1
DA:199,1
DA:200,1
DA:201,1
DA:202,1
DA:203,1
DA:204,1
DA:205,1
DA:206,1
DA:207,1
DA:208,1
DA:209,1
DA:210,1
DA:211,1
DA:212,1
DA:213,1
DA:214,1
DA:215,1
DA:216,1
DA:217,1
DA:218,1
DA:219,1
DA:220,1
DA:221,1
DA:222,1
DA:223,1
DA:224,1
DA:225,1
DA:226,1
DA:227,1
DA:228,1
DA:229,1
DA:230,1
DA:231,1
DA:232,1
DA:233,1
DA:234,1
DA:235,1
DA:236,1
DA:237,1
DA:238,1
DA:239,1
DA:240,1
DA:241,1
DA:242,1
DA:243,1
DA:244,1
DA:245,1
DA:246,1
DA:247,1
DA:248,1
DA:249,1
DA:250,1
DA:251,1
DA:252,14
DA:253,1
DA:254,1
DA:255,14
DA:256,14
DA:257,1
DA:258,1
DA:259,14
DA:260,14
DA:261,1
DA:262,1
DA:263,14
DA:264,14
DA:265,1
DA:266,1
DA:267,14
DA:268,14
DA:269,1
DA:270,1
DA:271,14
DA:272,14
DA:273,14
DA:274,14
DA:275,14
DA:276,14
DA:277,14
DA:278,14
DA:279,14
DA:280,14
DA:281,14
DA:282,14
DA:283,14
DA:284,14
DA:285,14
DA:286,2
DA:287,2
DA:288,14
DA:289,14
DA:290,14
DA:291,14
DA:292,14
DA:293,14
DA:294,14
DA:295,14
DA:296,14
DA:297,26
DA:298,13
DA:299,13
DA:300,26
DA:301,14
DA:302,14
DA:303,14
DA:304,14
DA:305,14
DA:306,14
DA:307,14
DA:308,14
DA:309,14
DA:310,14
DA:311,11
DA:312,11
DA:313,11
DA:314,11
DA:315,11
DA:316,11
DA:317,14
DA:318,9
DA:319,9
DA:320,14
DA:321,14
DA:322,14
DA:323,14
DA:324,14
DA:325,12
DA:326,12
DA:327,12
DA:328,12
DA:329,21
DA:330,19
DA:331,19
DA:332,10
DA:333,12
DA:334,12
DA:335,14
DA:336,14
DA:337,14
DA:338,14
DA:339,8
DA:340,8
DA:341,8
DA:342,8
DA:343,5
DA:344,5
DA:345,5
DA:346,8
DA:347,8
DA:348,8
DA:349,8
DA:350,8
DA:351,8
DA:352,8
DA:353,14
DA:354,14
DA:355,8
DA:356,8
DA:357,2
DA:358,2
DA:359,8
DA:360,8
DA:361,3
DA:362,3
DA:363,8
DA:364,14
DA:365,14
DA:366,3
DA:367,3
DA:368,3
DA:369,3
DA:370,3
DA:371,3
DA:372,14
DA:373,14
DA:374,5
DA:375,5
DA:376,5
DA:377,5
DA:378,5
DA:379,4
DA:380,4
DA:381,5
DA:382,14
DA:383,14
DA:384,2
DA:385,2
DA:386,2
DA:387,2
DA:388,2
DA:389,14
DA:390,14
DA:391,2
DA:392,2
DA:393,14
DA:394,14
DA:395,2
DA:396,2
DA:397,1
DA:398,1
DA:399,1
DA:400,1
DA:401,1
DA:402,1
DA:403,2
DA:404,14
DA:405,1
DA:406,1
DA:407,1
LF:407
LH:407
BRDA:251,0,0,14
BRDA:252,1,0,1
BRDA:256,2,0,1
BRDA:260,3,0,1
BRDA:264,4,0,1
BRDA:268,5,0,1
BRDA:277,6,0,14
BRDA:285,7,0,2
BRDA:296,8,0,26
BRDA:297,9,0,13
BRDA:308,10,0,14
BRDA:310,11,0,11
BRDA:317,12,0,9
BRDA:324,13,0,12
BRDA:328,14,0,21
BRDA:329,15,0,19
BRDA:329,16,0,2
BRDA:329,17,0,19
BRDA:331,18,0,10
BRDA:333,19,0,9
BRDA:333,20,0,1
BRDA:338,21,0,8
BRDA:342,22,0,5
BRDA:343,23,0,4
BRDA:354,24,0,8
BRDA:356,25,0,2
BRDA:360,26,0,3
BRDA:357,27,0,1
BRDA:361,28,0,3
BRDA:365,29,0,3
BRDA:370,30,0,1
BRDA:373,31,0,5
BRDA:378,32,0,4
BRDA:383,33,0,2
BRDA:390,34,0,2
BRDA:394,35,0,2
BRDA:396,36,0,1
BRDA:399,37,0,1
BRF:38
BRH:38
end_of_record
TN:
SF:src\index.ts
FNF:0
FNH:0
DA:1,1
LF:1
LH:1
BRF:0
BRH:0
end_of_record
