TN:
SF:src\bus.ts
FN:4,<instance_members_initializer>
FN:8,CoreEventBus
FN:12,on
FN:20,off
FN:27,emit
FNF:5
FNH:5
FNDA:7,<instance_members_initializer>
FNDA:7,CoreEventBus
FNDA:6,on
FNDA:2,off
FNDA:6,emit
DA:1,1
DA:2,1
DA:3,1
DA:4,1
DA:5,7
DA:6,7
DA:7,7
DA:8,7
DA:9,7
DA:10,7
DA:11,7
DA:12,7
DA:13,6
DA:14,5
DA:15,5
DA:16,6
DA:17,6
DA:18,6
DA:19,7
DA:20,7
DA:21,2
DA:22,1
DA:23,1
DA:24,1
DA:25,2
DA:26,7
DA:27,7
DA:28,6
DA:29,6
DA:30,6
DA:31,6
DA:32,6
DA:33,6
DA:34,6
DA:35,6
DA:36,6
DA:37,6
DA:38,6
DA:39,6
DA:40,5
DA:41,5
DA:42,5
DA:43,1
DA:44,1
DA:45,6
DA:46,6
DA:47,6
DA:48,7
LF:48
LH:48
BRDA:4,0,0,7
BRDA:8,1,0,7
BRDA:12,2,0,6
BRDA:13,3,0,5
BRDA:20,4,0,2
BRDA:21,5,0,1
BRDA:27,6,0,6
BRDA:34,7,0,1
BRDA:39,8,0,5
BRDA:41,9,0,4
BRDA:42,10,0,1
BRF:11
BRH:11
end_of_record
TN:
SF:src\index.ts
FNF:0
FNH:0
DA:1,1
DA:2,1
LF:2
LH:2
BRF:0
BRH:0
end_of_record
TN:
SF:src\types.ts
FNF:0
FNH:0
DA:1,1
DA:2,1
DA:3,1
DA:4,1
DA:5,1
DA:6,1
DA:7,1
DA:8,1
DA:9,1
DA:10,1
DA:11,1
DA:12,1
DA:13,1
DA:14,1
DA:15,1
DA:16,1
DA:17,1
DA:18,1
LF:18
LH:18
BRF:0
BRH:0
end_of_record
